2021-01-23 09:45:56,844 [1] DEBUG WCS.Trans.MainWindow [(null)] - 
2021-01-23 09:45:56.628
No Data 
---------------------------------------------

2021-01-23 09:52:01,782 [1] DEBUG WCS.Trans.MainWindow [(null)] - 
2021-01-23 09:52:01.639
No Data 
---------------------------------------------

2021-01-23 10:08:52,946 [1] DEBUG WCS.Trans.MainWindow [(null)] - 
2021-01-23 10:08:52.769
No Data 
---------------------------------------------

2021-01-23 10:16:44,260 [1] DEBUG WCS.Trans.MainWindow [(null)] - 
2021-01-23 10:16:44.042
No Data 
---------------------------------------------

2021-01-23 11:06:18,850 [1] DEBUG WCS.Trans.MainWindow [(null)] - 
2021-01-23 11:06:18.678
No Data 
---------------------------------------------

2021-02-02 18:11:55,237 [1] DEBUG WCS.Trans.MainWindow [(null)] - 
2021-02-02 18:11:54.967
No Data 
---------------------------------------------

2021-02-02 18:22:17,277 [1] DEBUG WCS.Trans.MainWindow [(null)] - 
2021-02-02 18:22:17.073
No Data 
---------------------------------------------

2021-02-05 18:08:19,306 [1] DEBUG WCS.Trans.MainWindow [(null)] - 
2021-02-05 18:08:19.038
No Data 
---------------------------------------------

2021-03-03 18:24:56,696 [1] DEBUG WCS.Trans.MainWindow [(null)] - 
2021-03-03 18:24:56.565
[A1201]创建业务类对象失败！
---------------------------------------------

2021-03-03 18:25:24,890 [1] DEBUG WCS.Trans.MainWindow [(null)] - 
2021-03-03 18:25:24.803
[A1201]创建业务类对象失败！
---------------------------------------------

2021-03-03 18:43:24,754 [1] DEBUG WCS.Trans.MainWindow [(null)] - 
2021-03-03 18:43:24.646
创建站台对象成功！
---------------------------------------------

2021-03-03 18:43:24,798 [1] DEBUG WCS.Trans.MainWindow [(null)] - 
2021-03-03 18:43:24.789
OPC节点数[147]
---------------------------------------------

2021-03-03 18:43:25,496 [1] DEBUG WCS.Trans.MainWindow [(null)] - 
2021-03-03 18:43:25.490
与OPC SERVER建立连接成功！
---------------------------------------------

2021-03-03 18:43:26,638 [1] DEBUG WCS.Trans.MainWindow [(null)] - 
2021-03-03 18:43:26.632
[A1201]设备状态为手动
---------------------------------------------

2021-03-03 18:43:26,650 [1] DEBUG WCS.Trans.MainWindow [(null)] - 
2021-03-03 18:43:26.644
[A1112]设备状态为手动
---------------------------------------------

2021-03-03 18:43:26,660 [1] DEBUG WCS.Trans.MainWindow [(null)] - 
2021-03-03 18:43:26.654
[A1142]设备状态为手动
---------------------------------------------

2021-03-03 18:43:26,670 [1] DEBUG WCS.Trans.MainWindow [(null)] - 
2021-03-03 18:43:26.664
[A1172]设备状态为手动
---------------------------------------------

2021-03-03 18:43:26,680 [1] DEBUG WCS.Trans.MainWindow [(null)] - 
2021-03-03 18:43:26.675
[A1121]设备状态为手动
---------------------------------------------

2021-03-03 18:43:26,693 [1] DEBUG WCS.Trans.MainWindow [(null)] - 
2021-03-03 18:43:26.685
[A1151]设备状态为手动
---------------------------------------------

2021-03-03 18:43:26,703 [1] DEBUG WCS.Trans.MainWindow [(null)] - 
2021-03-03 18:43:26.697
[A1181]设备状态为手动
---------------------------------------------

2021-03-03 18:47:53,207 [1] DEBUG WCS.Trans.MainWindow [(null)] - 
2021-03-03 18:47:53.036
创建站台对象成功！
---------------------------------------------

2021-03-03 18:47:53,265 [1] DEBUG WCS.Trans.MainWindow [(null)] - 
2021-03-03 18:47:53.253
OPC节点数[147]
---------------------------------------------

2021-03-03 18:47:54,088 [1] DEBUG WCS.Trans.MainWindow [(null)] - 
2021-03-03 18:47:54.080
与OPC SERVER建立连接成功！
---------------------------------------------

2021-03-03 18:47:55,448 [1] DEBUG WCS.Trans.MainWindow [(null)] - 
2021-03-03 18:47:55.440
[A1201]设备状态为手动
---------------------------------------------

2021-03-03 18:47:55,481 [1] DEBUG WCS.Trans.MainWindow [(null)] - 
2021-03-03 18:47:55.475
[A1112]设备状态为手动
---------------------------------------------

2021-03-03 18:47:55,492 [1] DEBUG WCS.Trans.MainWindow [(null)] - 
2021-03-03 18:47:55.485
[A1142]设备状态为手动
---------------------------------------------

2021-03-03 18:47:55,504 [1] DEBUG WCS.Trans.MainWindow [(null)] - 
2021-03-03 18:47:55.499
[A1172]设备状态为手动
---------------------------------------------

2021-03-03 18:47:55,515 [1] DEBUG WCS.Trans.MainWindow [(null)] - 
2021-03-03 18:47:55.510
[A1121]设备状态为手动
---------------------------------------------

2021-03-03 18:47:55,527 [1] DEBUG WCS.Trans.MainWindow [(null)] - 
2021-03-03 18:47:55.521
[A1151]设备状态为手动
---------------------------------------------

2021-03-03 18:47:55,537 [1] DEBUG WCS.Trans.MainWindow [(null)] - 
2021-03-03 18:47:55.532
[A1181]设备状态为手动
---------------------------------------------

2021-03-03 18:51:19,509 [1] DEBUG WCS.Trans.MainWindow [(null)] - 
2021-03-03 18:51:19.381
创建站台对象成功！
---------------------------------------------

2021-03-03 18:51:19,563 [1] DEBUG WCS.Trans.MainWindow [(null)] - 
2021-03-03 18:51:19.553
OPC节点数[147]
---------------------------------------------

2021-03-03 18:51:20,222 [1] DEBUG WCS.Trans.MainWindow [(null)] - 
2021-03-03 18:51:20.213
与OPC SERVER建立连接成功！
---------------------------------------------

2021-03-03 18:51:21,518 [1] DEBUG WCS.Trans.MainWindow [(null)] - 
2021-03-03 18:51:21.512
[A1201]设备状态为手动
---------------------------------------------

2021-03-03 18:51:21,540 [1] DEBUG WCS.Trans.MainWindow [(null)] - 
2021-03-03 18:51:21.534
[A1112]设备状态为手动
---------------------------------------------

2021-03-03 18:51:21,551 [1] DEBUG WCS.Trans.MainWindow [(null)] - 
2021-03-03 18:51:21.546
[A1142]设备状态为手动
---------------------------------------------

2021-03-03 18:51:21,562 [1] DEBUG WCS.Trans.MainWindow [(null)] - 
2021-03-03 18:51:21.558
[A1172]设备状态为手动
---------------------------------------------

2021-03-03 18:51:21,573 [1] DEBUG WCS.Trans.MainWindow [(null)] - 
2021-03-03 18:51:21.567
[A1121]设备状态为手动
---------------------------------------------

2021-03-03 18:51:21,582 [1] DEBUG WCS.Trans.MainWindow [(null)] - 
2021-03-03 18:51:21.577
[A1151]设备状态为手动
---------------------------------------------

2021-03-03 18:51:21,591 [1] DEBUG WCS.Trans.MainWindow [(null)] - 
2021-03-03 18:51:21.586
[A1181]设备状态为手动
---------------------------------------------

2021-03-04 07:58:08,712 [1] DEBUG WCS.Trans.MainWindow [(null)] - 
2021-03-04 07:58:08.478
创建站台对象成功！
---------------------------------------------

2021-03-04 07:58:08,789 [1] DEBUG WCS.Trans.MainWindow [(null)] - 
2021-03-04 07:58:08.772
OPC节点数[147]
---------------------------------------------

2021-03-04 07:58:10,668 [1] DEBUG WCS.Trans.MainWindow [(null)] - 
2021-03-04 07:58:10.656
与OPC SERVER建立连接失败：A12.Trans.A1201.Read.TaskNo:E_UNKNOWN_ITEM_NAME;A12.Trans.A1201.Read.StatusRequest:E_UNKNOWN_ITEM_NAME;A12.Trans.A1201.Read.StatusFree:E_UNKNOWN_ITEM_NAME;A12.Trans.A1201.Read.StatusNeedToPut:E_UNKNOWN_ITEM_NAME;A12.Trans.A1201.Write.TaskNo:E_UNKNOWN_ITEM_NAME;A12.Trans.A1201.Write.PalletNo:E_UNKNOWN_ITEM_NAME;A12.Trans.A1201.Write.SlocArea:E_UNKNOWN_ITEM_NAME;A12.Trans.A1201.Write.SlocCode:E_UNKNOWN_ITEM_NAME;A12.Trans.A1201.Write.ElocArea:E_UNKNOWN_ITEM_NAME;A12.Trans.A1201.Write.ElocCode:E_UNKNOWN_ITEM_NAME;A12.Trans.A1201.Read.PalletNo:E_UNKNOWN_ITEM_NAME;A12.Trans.A1201.Write.HandleRequest:E_UNKNOWN_ITEM_NAME;A12.Trans.A1201.Write.HandleNeedToPut:E_UNKNOWN_ITEM_NAME;A12.Trans.A1201.Write.FaultNo:E_UNKNOWN_ITEM_NAME;A12.Trans.A1201.Read.SlocArea:E_UNKNOWN_ITEM_NAME;A12.Trans.A1201.Read.SlocCode:E_UNKNOWN_ITEM_NAME;A12.Trans.A1201.Read.ElocArea:E_UNKNOWN_ITEM_NAME;A12.Trans.A1201.Read.ElocCode:E_UNKNOWN_ITEM_NAME;A12.Trans.A1201.Read.StatusAuto:E_UNKNOWN_ITEM_NAME;A12.Trans.A1201.Read.StatusFault:E_UNKNOWN_ITEM_NAME;A12.Trans.A1201.Read.StatusLoad:E_UNKNOWN_ITEM_NAME;A11.Trans.A1112.Read.TaskNo:E_UNKNOWN_ITEM_NAME;A11.Trans.A1112.Read.StatusRequest:E_UNKNOWN_ITEM_NAME;A11.Trans.A1112.Read.StatusFree:E_UNKNOWN_ITEM_NAME;A11.Trans.A1112.Read.StatusNeedToPut:E_UNKNOWN_ITEM_NAME;A11.Trans.A1112.Write.TaskNo:E_UNKNOWN_ITEM_NAME;A11.Trans.A1112.Write.PalletNo:E_UNKNOWN_ITEM_NAME;A11.Trans.A1112.Write.SlocArea:E_UNKNOWN_ITEM_NAME;A11.Trans.A1112.Write.SlocCode:E_UNKNOWN_ITEM_NAME;A11.Trans.A1112.Write.ElocArea:E_UNKNOWN_ITEM_NAME;A11.Trans.A1112.Write.ElocCode:E_UNKNOWN_ITEM_NAME;A11.Trans.A1112.Read.PalletNo:E_UNKNOWN_ITEM_NAME;A11.Trans.A1112.Write.HandleRequest:E_UNKNOWN_ITEM_NAME;A11.Trans.A1112.Write.HandleNeedToPut:E_UNKNOWN_ITEM_NAME;A11.Trans.A1112.Write.FaultNo:E_UNKNOWN_ITEM_NAME;A11.Trans.A1112.Read.SlocArea:E_UNKNOWN_ITEM_NAME;A11.Trans.A1112.Read.SlocCode:E_UNKNOWN_ITEM_NAME;A11.Trans.A1112.Read.ElocArea:E_UNKNOWN_ITEM_NAME;A11.Trans.A1112.Read.ElocCode:E_UNKNOWN_ITEM_NAME;A11.Trans.A1112.Read.StatusAuto:E_UNKNOWN_ITEM_NAME;A11.Trans.A1112.Read.StatusFault:E_UNKNOWN_ITEM_NAME;A11.Trans.A1112.Read.StatusLoad:E_UNKNOWN_ITEM_NAME;A11.Trans.A1142.Read.TaskNo:E_UNKNOWN_ITEM_NAME;A11.Trans.A1142.Read.StatusRequest:E_UNKNOWN_ITEM_NAME;A11.Trans.A1142.Read.StatusFree:E_UNKNOWN_ITEM_NAME;A11.Trans.A1142.Read.StatusNeedToPut:E_UNKNOWN_ITEM_NAME;A11.Trans.A1142.Write.TaskNo:E_UNKNOWN_ITEM_NAME;A11.Trans.A1142.Write.PalletNo:E_UNKNOWN_ITEM_NAME;A11.Trans.A1142.Write.SlocArea:E_UNKNOWN_ITEM_NAME;A11.Trans.A1142.Write.SlocCode:E_UNKNOWN_ITEM_NAME;A11.Trans.A1142.Write.ElocArea:E_UNKNOWN_ITEM_NAME;A11.Trans.A1142.Write.ElocCode:E_UNKNOWN_ITEM_NAME;A11.Trans.A1142.Read.PalletNo:E_UNKNOWN_ITEM_NAME;A11.Trans.A1142.Write.HandleRequest:E_UNKNOWN_ITEM_NAME;A11.Trans.A1142.Write.HandleNeedToPut:E_UNKNOWN_ITEM_NAME;A11.Trans.A1142.Write.FaultNo:E_UNKNOWN_ITEM_NAME;A11.Trans.A1142.Read.SlocArea:E_UNKNOWN_ITEM_NAME;A11.Trans.A1142.Read.SlocCode:E_UNKNOWN_ITEM_NAME;A11.Trans.A1142.Read.ElocArea:E_UNKNOWN_ITEM_NAME;A11.Trans.A1142.Read.ElocCode:E_UNKNOWN_ITEM_NAME;A11.Trans.A1142.Read.StatusAuto:E_UNKNOWN_ITEM_NAME;A11.Trans.A1142.Read.StatusFault:E_UNKNOWN_ITEM_NAME;A11.Trans.A1142.Read.StatusLoad:E_UNKNOWN_ITEM_NAME;A11.Trans.A1172.Read.TaskNo:E_UNKNOWN_ITEM_NAME;A11.Trans.A1172.Read.StatusRequest:E_UNKNOWN_ITEM_NAME;A11.Trans.A1172.Read.StatusFree:E_UNKNOWN_ITEM_NAME;A11.Trans.A1172.Read.StatusNeedToPut:E_UNKNOWN_ITEM_NAME;A11.Trans.A1172.Write.TaskNo:E_UNKNOWN_ITEM_NAME;A11.Trans.A1172.Write.PalletNo:E_UNKNOWN_ITEM_NAME;A11.Trans.A1172.Write.SlocArea:E_UNKNOWN_ITEM_NAME;A11.Trans.A1172.Write.SlocCode:E_UNKNOWN_ITEM_NAME;A11.Trans.A1172.Write.ElocArea:E_UNKNOWN_ITEM_NAME;A11.Trans.A1172.Write.ElocCode:E_UNKNOWN_ITEM_NAME;A11.Trans.A1172.Read.PalletNo:E_UNKNOWN_ITEM_NAME;A11.Trans.A1172.Write.HandleRequest:E_UNKNOWN_ITEM_NAME;A11.Trans.A1172.Write.HandleNeedToPut:E_UNKNOWN_ITEM_NAME;A11.Trans.A1172.Write.FaultNo:E_UNKNOWN_ITEM_NAME;A11.Trans.A1172.Read.SlocArea:E_UNKNOWN_ITEM_NAME;A11.Trans.A1172.Read.SlocCode:E_UNKNOWN_ITEM_NAME;A11.Trans.A1172.Read.ElocArea:E_UNKNOWN_ITEM_NAME;A11.Trans.A1172.Read.ElocCode:E_UNKNOWN_ITEM_NAME;A11.Trans.A1172.Read.StatusAuto:E_UNKNOWN_ITEM_NAME;A11.Trans.A1172.Read.StatusFault:E_UNKNOWN_ITEM_NAME;A11.Trans.A1172.Read.StatusLoad:E_UNKNOWN_ITEM_NAME;A11.Trans.A1121.Read.TaskNo:E_UNKNOWN_ITEM_NAME;A11.Trans.A1121.Read.StatusRequest:E_UNKNOWN_ITEM_NAME;A11.Trans.A1121.Read.StatusFree:E_UNKNOWN_ITEM_NAME;A11.Trans.A1121.Read.StatusNeedToPut:E_UNKNOWN_ITEM_NAME;A11.Trans.A1121.Write.TaskNo:E_UNKNOWN_ITEM_NAME;A11.Trans.A1121.Write.PalletNo:E_UNKNOWN_ITEM_NAME;A11.Trans.A1121.Write.SlocArea:E_UNKNOWN_ITEM_NAME;A11.Trans.A1121.Write.SlocCode:E_UNKNOWN_ITEM_NAME;A11.Trans.A1121.Write.ElocArea:E_UNKNOWN_ITEM_NAME;A11.Trans.A1121.Write.ElocCode:E_UNKNOWN_ITEM_NAME;A11.Trans.A1121.Read.PalletNo:E_UNKNOWN_ITEM_NAME;A11.Trans.A1121.Write.HandleRequest:E_UNKNOWN_ITEM_NAME;A11.Trans.A1121.Write.HandleNeedToPut:E_UNKNOWN_ITEM_NAME;A11.Trans.A1121.Write.FaultNo:E_UNKNOWN_ITEM_NAME;A11.Trans.A1121.Read.SlocArea:E_UNKNOWN_ITEM_NAME;A11.Trans.A1121.Read.SlocCode:E_UNKNOWN_ITEM_NAME;A11.Trans.A1121.Read.ElocArea:E_UNKNOWN_ITEM_NAME;A11.Trans.A1121.Read.ElocCode:E_UNKNOWN_ITEM_NAME;A11.Trans.A1121.Read.StatusAuto:E_UNKNOWN_ITEM_NAME;A11.Trans.A1121.Read.StatusFault:E_UNKNOWN_ITEM_NAME;A11.Trans.A1121.Read.StatusLoad:E_UNKNOWN_ITEM_NAME;A11.Trans.A1151.Read.TaskNo:E_UNKNOWN_ITEM_NAME;A11.Trans.A1151.Read.StatusRequest:E_UNKNOWN_ITEM_NAME;A11.Trans.A1151.Read.StatusFree:E_UNKNOWN_ITEM_NAME;A11.Trans.A1151.Read.StatusNeedToPut:E_UNKNOWN_ITEM_NAME;A11.Trans.A1151.Write.TaskNo:E_UNKNOWN_ITEM_NAME;A11.Trans.A1151.Write.PalletNo:E_UNKNOWN_ITEM_NAME;A11.Trans.A1151.Write.SlocArea:E_UNKNOWN_ITEM_NAME;A11.Trans.A1151.Write.SlocCode:E_UNKNOWN_ITEM_NAME;A11.Trans.A1151.Write.ElocArea:E_UNKNOWN_ITEM_NAME;A11.Trans.A1151.Write.ElocCode:E_UNKNOWN_ITEM_NAME;A11.Trans.A1151.Read.PalletNo:E_UNKNOWN_ITEM_NAME;A11.Trans.A1151.Write.HandleRequest:E_UNKNOWN_ITEM_NAME;A11.Trans.A1151.Write.HandleNeedToPut:E_UNKNOWN_ITEM_NAME;A11.Trans.A1151.Write.FaultNo:E_UNKNOWN_ITEM_NAME;A11.Trans.A1151.Read.SlocArea:E_UNKNOWN_ITEM_NAME;A11.Trans.A1151.Read.SlocCode:E_UNKNOWN_ITEM_NAME;A11.Trans.A1151.Read.ElocArea:E_UNKNOWN_ITEM_NAME;A11.Trans.A1151.Read.ElocCode:E_UNKNOWN_ITEM_NAME;A11.Trans.A1151.Read.StatusAuto:E_UNKNOWN_ITEM_NAME;A11.Trans.A1151.Read.StatusFault:E_UNKNOWN_ITEM_NAME;A11.Trans.A1151.Read.StatusLoad:E_UNKNOWN_ITEM_NAME;A11.Trans.A1181.Read.TaskNo:E_UNKNOWN_ITEM_NAME;A11.Trans.A1181.Read.StatusRequest:E_UNKNOWN_ITEM_NAME;A11.Trans.A1181.Read.StatusFree:E_UNKNOWN_ITEM_NAME;A11.Trans.A1181.Read.StatusNeedToPut:E_UNKNOWN_ITEM_NAME;A11.Trans.A1181.Write.TaskNo:E_UNKNOWN_ITEM_NAME;A11.Trans.A1181.Write.PalletNo:E_UNKNOWN_ITEM_NAME;A11.Trans.A1181.Write.SlocArea:E_UNKNOWN_ITEM_NAME;A11.Trans.A1181.Write.SlocCode:E_UNKNOWN_ITEM_NAME;A11.Trans.A1181.Write.ElocArea:E_UNKNOWN_ITEM_NAME;A11.Trans.A1181.Write.ElocCode:E_UNKNOWN_ITEM_NAME;A11.Trans.A1181.Read.PalletNo:E_UNKNOWN_ITEM_NAME;A11.Trans.A1181.Write.HandleRequest:E_UNKNOWN_ITEM_NAME;A11.Trans.A1181.Write.HandleNeedToPut:E_UNKNOWN_ITEM_NAME;A11.Trans.A1181.Write.FaultNo:E_UNKNOWN_ITEM_NAME;A11.Trans.A1181.Read.SlocArea:E_UNKNOWN_ITEM_NAME;A11.Trans.A1181.Read.SlocCode:E_UNKNOWN_ITEM_NAME;A11.Trans.A1181.Read.ElocArea:E_UNKNOWN_ITEM_NAME;A11.Trans.A1181.Read.ElocCode:E_UNKNOWN_ITEM_NAME;A11.Trans.A1181.Read.StatusAuto:E_UNKNOWN_ITEM_NAME;A11.Trans.A1181.Read.StatusFault:E_UNKNOWN_ITEM_NAME;A11.Trans.A1181.Read.StatusLoad:E_UNKNOWN_ITEM_NAME;
---------------------------------------------

2021-03-04 07:58:53,219 [1] DEBUG WCS.Trans.MainWindow [(null)] - 
2021-03-04 07:58:53.061
创建站台对象成功！
---------------------------------------------

2021-03-04 07:58:53,280 [1] DEBUG WCS.Trans.MainWindow [(null)] - 
2021-03-04 07:58:53.265
OPC节点数[147]
---------------------------------------------

2021-03-04 07:58:54,394 [1] DEBUG WCS.Trans.MainWindow [(null)] - 
2021-03-04 07:58:54.383
与OPC SERVER建立连接成功！
---------------------------------------------

2021-03-04 07:58:55,926 [1] DEBUG WCS.Trans.MainWindow [(null)] - 
2021-03-04 07:58:55.913
[A1201]设备状态为手动
---------------------------------------------

2021-03-04 07:58:55,961 [1] DEBUG WCS.Trans.MainWindow [(null)] - 
2021-03-04 07:58:55.952
[A1112]设备状态为手动
---------------------------------------------

2021-03-04 07:58:55,988 [1] DEBUG WCS.Trans.MainWindow [(null)] - 
2021-03-04 07:58:55.981
[A1142]设备状态为手动
---------------------------------------------

2021-03-04 07:58:56,049 [1] DEBUG WCS.Trans.MainWindow [(null)] - 
2021-03-04 07:58:56.008
[A1172]设备状态为手动
---------------------------------------------

2021-03-04 07:58:56,073 [1] DEBUG WCS.Trans.MainWindow [(null)] - 
2021-03-04 07:58:56.066
[A1121]设备状态为手动
---------------------------------------------

2021-03-04 07:58:56,096 [1] DEBUG WCS.Trans.MainWindow [(null)] - 
2021-03-04 07:58:56.088
[A1151]设备状态为手动
---------------------------------------------

2021-03-04 07:58:56,119 [1] DEBUG WCS.Trans.MainWindow [(null)] - 
2021-03-04 07:58:56.111
[A1181]设备状态为手动
---------------------------------------------

2021-03-04 08:18:02,300 [1] DEBUG WCS.Trans.MainWindow [(null)] - 
2021-03-04 08:18:02.081
创建站台对象成功！
---------------------------------------------

2021-03-04 08:18:02,372 [1] DEBUG WCS.Trans.MainWindow [(null)] - 
2021-03-04 08:18:02.355
OPC节点数[147]
---------------------------------------------

2021-03-04 08:18:03,867 [1] DEBUG WCS.Trans.MainWindow [(null)] - 
2021-03-04 08:18:03.858
与OPC SERVER建立连接成功！
---------------------------------------------

2021-03-04 08:18:05,569 [1] DEBUG WCS.Trans.MainWindow [(null)] - 
2021-03-04 08:18:05.561
[A1201]设备状态为手动
---------------------------------------------

2021-03-04 08:18:05,617 [1] DEBUG WCS.Trans.MainWindow [(null)] - 
2021-03-04 08:18:05.608
[A1112]设备状态为手动
---------------------------------------------

2021-03-04 08:18:05,655 [1] DEBUG WCS.Trans.MainWindow [(null)] - 
2021-03-04 08:18:05.645
[A1142]设备状态为手动
---------------------------------------------

2021-03-04 08:18:05,737 [1] DEBUG WCS.Trans.MainWindow [(null)] - 
2021-03-04 08:18:05.688
[A1172]设备状态为手动
---------------------------------------------

2021-03-04 08:18:05,782 [1] DEBUG WCS.Trans.MainWindow [(null)] - 
2021-03-04 08:18:05.770
[A1121]设备状态为手动
---------------------------------------------

2021-03-04 08:18:05,826 [1] DEBUG WCS.Trans.MainWindow [(null)] - 
2021-03-04 08:18:05.818
[A1151]设备状态为手动
---------------------------------------------

2021-03-04 08:18:05,855 [1] DEBUG WCS.Trans.MainWindow [(null)] - 
2021-03-04 08:18:05.848
[A1181]设备状态为手动
---------------------------------------------

2021-03-04 08:22:25,847 [1] DEBUG WCS.Trans.MainWindow [(null)] - 
2021-03-04 08:22:25.706
创建站台对象成功！
---------------------------------------------

2021-03-04 08:22:25,912 [1] DEBUG WCS.Trans.MainWindow [(null)] - 
2021-03-04 08:22:25.895
OPC节点数[147]
---------------------------------------------

2021-03-04 08:22:27,446 [1] DEBUG WCS.Trans.MainWindow [(null)] - 
2021-03-04 08:22:27.438
与OPC SERVER建立连接成功！
---------------------------------------------

2021-03-04 08:22:28,891 [1] DEBUG WCS.Trans.MainWindow [(null)] - 
2021-03-04 08:22:28.877
[A1201]设备状态为手动
---------------------------------------------

2021-03-04 08:22:28,934 [1] DEBUG WCS.Trans.MainWindow [(null)] - 
2021-03-04 08:22:28.914
[A1112]设备状态为手动
---------------------------------------------

2021-03-04 08:22:28,965 [1] DEBUG WCS.Trans.MainWindow [(null)] - 
2021-03-04 08:22:28.955
[A1142]设备状态为手动
---------------------------------------------

2021-03-04 08:22:29,002 [1] DEBUG WCS.Trans.MainWindow [(null)] - 
2021-03-04 08:22:28.993
[A1172]设备状态为手动
---------------------------------------------

2021-03-04 08:22:29,033 [1] DEBUG WCS.Trans.MainWindow [(null)] - 
2021-03-04 08:22:29.023
[A1121]设备状态为手动
---------------------------------------------

2021-03-04 08:22:29,105 [1] DEBUG WCS.Trans.MainWindow [(null)] - 
2021-03-04 08:22:29.095
[A1151]设备状态为手动
---------------------------------------------

2021-03-04 08:22:29,134 [1] DEBUG WCS.Trans.MainWindow [(null)] - 
2021-03-04 08:22:29.125
[A1181]设备状态为手动
---------------------------------------------

2021-03-04 08:23:26,247 [1] DEBUG WCS.Trans.MainWindow [(null)] - 
2021-03-04 08:23:26.085
创建站台对象成功！
---------------------------------------------

2021-03-04 08:23:26,311 [1] DEBUG WCS.Trans.MainWindow [(null)] - 
2021-03-04 08:23:26.297
OPC节点数[147]
---------------------------------------------

2021-03-04 08:23:27,620 [1] DEBUG WCS.Trans.MainWindow [(null)] - 
2021-03-04 08:23:27.609
与OPC SERVER建立连接成功！
---------------------------------------------

2021-03-04 08:23:34,811 [1] DEBUG WCS.Trans.MainWindow [(null)] - 
2021-03-04 08:23:34.805
[A1201]设备状态为手动
---------------------------------------------

2021-03-04 08:23:34,841 [1] DEBUG WCS.Trans.MainWindow [(null)] - 
2021-03-04 08:23:34.831
[A1112]设备状态为手动
---------------------------------------------

2021-03-04 08:23:34,873 [1] DEBUG WCS.Trans.MainWindow [(null)] - 
2021-03-04 08:23:34.867
[A1142]设备状态为手动
---------------------------------------------

2021-03-04 08:23:34,907 [1] DEBUG WCS.Trans.MainWindow [(null)] - 
2021-03-04 08:23:34.901
[A1172]设备状态为手动
---------------------------------------------

2021-03-04 08:23:34,932 [1] DEBUG WCS.Trans.MainWindow [(null)] - 
2021-03-04 08:23:34.926
[A1121]设备状态为手动
---------------------------------------------

2021-03-04 08:23:34,981 [1] DEBUG WCS.Trans.MainWindow [(null)] - 
2021-03-04 08:23:34.975
[A1151]设备状态为手动
---------------------------------------------

2021-03-04 08:23:35,009 [1] DEBUG WCS.Trans.MainWindow [(null)] - 
2021-03-04 08:23:35.003
[A1181]设备状态为手动
---------------------------------------------

2021-03-04 08:59:18,360 [1] DEBUG WCS.Trans.MainWindow [(null)] - 
2021-03-04 08:59:18.282
创建站台对象成功！
---------------------------------------------

2021-03-04 08:59:18,395 [1] DEBUG WCS.Trans.MainWindow [(null)] - 
2021-03-04 08:59:18.388
OPC节点数[219]
---------------------------------------------

2021-03-04 08:59:18,809 [1] DEBUG WCS.Trans.MainWindow [(null)] - 
2021-03-04 08:59:18.801
与OPC SERVER建立连接成功！
---------------------------------------------

2021-03-04 08:59:19,889 [1] DEBUG WCS.Trans.MainWindow [(null)] - 
2021-03-04 08:59:19.884
[A1201]设备状态为手动
---------------------------------------------

2021-03-04 08:59:19,898 [1] DEBUG WCS.Trans.MainWindow [(null)] - 
2021-03-04 08:59:19.893
[A1101]设备状态为手动
---------------------------------------------

2021-03-04 08:59:19,904 [1] DEBUG WCS.Trans.MainWindow [(null)] - 
2021-03-04 08:59:19.901
[A1131]设备状态为手动
---------------------------------------------

2021-03-04 08:59:19,911 [1] DEBUG WCS.Trans.MainWindow [(null)] - 
2021-03-04 08:59:19.907
[A1161]设备状态为手动
---------------------------------------------

2021-03-04 08:59:19,919 [1] DEBUG WCS.Trans.MainWindow [(null)] - 
2021-03-04 08:59:19.914
[A1112]设备状态为手动
---------------------------------------------

2021-03-04 08:59:19,926 [1] DEBUG WCS.Trans.MainWindow [(null)] - 
2021-03-04 08:59:19.922
[A1142]设备状态为手动
---------------------------------------------

2021-03-04 08:59:19,933 [1] DEBUG WCS.Trans.MainWindow [(null)] - 
2021-03-04 08:59:19.929
[A1172]设备状态为手动
---------------------------------------------

2021-03-04 08:59:19,941 [1] DEBUG WCS.Trans.MainWindow [(null)] - 
2021-03-04 08:59:19.937
[A1121]设备状态为手动
---------------------------------------------

2021-03-04 08:59:19,969 [1] DEBUG WCS.Trans.MainWindow [(null)] - 
2021-03-04 08:59:19.944
[A1151]设备状态为手动
---------------------------------------------

2021-03-04 08:59:19,976 [1] DEBUG WCS.Trans.MainWindow [(null)] - 
2021-03-04 08:59:19.972
[A1181]设备状态为手动
---------------------------------------------

2021-03-04 09:03:20,837 [1] DEBUG WCS.Trans.MainWindow [(null)] - 
2021-03-04 09:03:20.750
创建站台对象成功！
---------------------------------------------

2021-03-04 09:03:20,873 [1] DEBUG WCS.Trans.MainWindow [(null)] - 
2021-03-04 09:03:20.865
OPC节点数[219]
---------------------------------------------

2021-03-04 09:03:21,274 [1] DEBUG WCS.Trans.MainWindow [(null)] - 
2021-03-04 09:03:21.268
与OPC SERVER建立连接成功！
---------------------------------------------

2021-03-04 09:03:22,345 [1] DEBUG WCS.Trans.MainWindow [(null)] - 
2021-03-04 09:03:22.339
[A1201]设备状态为手动
---------------------------------------------

2021-03-04 09:03:22,354 [1] DEBUG WCS.Trans.MainWindow [(null)] - 
2021-03-04 09:03:22.350
[A1101]设备状态为手动
---------------------------------------------

2021-03-04 09:03:22,360 [1] DEBUG WCS.Trans.MainWindow [(null)] - 
2021-03-04 09:03:22.357
[A1131]设备状态为手动
---------------------------------------------

2021-03-04 09:03:22,367 [1] DEBUG WCS.Trans.MainWindow [(null)] - 
2021-03-04 09:03:22.363
[A1161]设备状态为手动
---------------------------------------------

2021-03-04 09:03:22,375 [1] DEBUG WCS.Trans.MainWindow [(null)] - 
2021-03-04 09:03:22.371
[A1112]设备状态为手动
---------------------------------------------

2021-03-04 09:03:22,381 [1] DEBUG WCS.Trans.MainWindow [(null)] - 
2021-03-04 09:03:22.377
[A1142]设备状态为手动
---------------------------------------------

2021-03-04 09:03:22,389 [1] DEBUG WCS.Trans.MainWindow [(null)] - 
2021-03-04 09:03:22.384
[A1172]设备状态为手动
---------------------------------------------

2021-03-04 09:03:22,395 [1] DEBUG WCS.Trans.MainWindow [(null)] - 
2021-03-04 09:03:22.391
[A1121]设备状态为手动
---------------------------------------------

2021-03-04 09:03:22,421 [1] DEBUG WCS.Trans.MainWindow [(null)] - 
2021-03-04 09:03:22.398
[A1151]设备状态为手动
---------------------------------------------

2021-03-04 09:03:22,429 [1] DEBUG WCS.Trans.MainWindow [(null)] - 
2021-03-04 09:03:22.424
[A1181]设备状态为手动
---------------------------------------------

2021-03-04 09:04:54,463 [1] DEBUG WCS.Trans.MainWindow [(null)] - 
2021-03-04 09:04:54.386
创建站台对象成功！
---------------------------------------------

2021-03-04 09:04:54,499 [1] DEBUG WCS.Trans.MainWindow [(null)] - 
2021-03-04 09:04:54.491
OPC节点数[219]
---------------------------------------------

2021-03-04 09:04:54,894 [1] DEBUG WCS.Trans.MainWindow [(null)] - 
2021-03-04 09:04:54.889
与OPC SERVER建立连接成功！
---------------------------------------------

2021-03-04 09:04:55,967 [1] DEBUG WCS.Trans.MainWindow [(null)] - 
2021-03-04 09:04:55.962
[A1201]设备状态为手动
---------------------------------------------

2021-03-04 09:04:55,978 [1] DEBUG WCS.Trans.MainWindow [(null)] - 
2021-03-04 09:04:55.973
[A1101]设备状态为手动
---------------------------------------------

2021-03-04 09:04:55,991 [1] DEBUG WCS.Trans.MainWindow [(null)] - 
2021-03-04 09:04:55.984
[A1131]设备状态为手动
---------------------------------------------

2021-03-04 09:04:56,004 [1] DEBUG WCS.Trans.MainWindow [(null)] - 
2021-03-04 09:04:55.999
[A1161]设备状态为手动
---------------------------------------------

2021-03-04 09:04:56,014 [1] DEBUG WCS.Trans.MainWindow [(null)] - 
2021-03-04 09:04:56.008
[A1112]设备状态为手动
---------------------------------------------

2021-03-04 09:04:56,045 [1] DEBUG WCS.Trans.MainWindow [(null)] - 
2021-03-04 09:04:56.041
[A1142]设备状态为手动
---------------------------------------------

2021-03-04 09:04:56,194 [1] DEBUG WCS.Trans.MainWindow [(null)] - 
2021-03-04 09:04:56.189
[A1172]设备状态为手动
---------------------------------------------

2021-03-04 09:04:56,205 [1] DEBUG WCS.Trans.MainWindow [(null)] - 
2021-03-04 09:04:56.199
[A1121]设备状态为手动
---------------------------------------------

2021-03-04 09:04:56,242 [1] DEBUG WCS.Trans.MainWindow [(null)] - 
2021-03-04 09:04:56.210
[A1151]设备状态为手动
---------------------------------------------

2021-03-04 09:04:56,251 [1] DEBUG WCS.Trans.MainWindow [(null)] - 
2021-03-04 09:04:56.247
[A1181]设备状态为手动
---------------------------------------------

2021-03-04 09:05:36,658 [1] DEBUG WCS.Trans.MainWindow [(null)] - 
2021-03-04 09:05:36.576
创建站台对象成功！
---------------------------------------------

2021-03-04 09:05:36,691 [1] DEBUG WCS.Trans.MainWindow [(null)] - 
2021-03-04 09:05:36.684
OPC节点数[219]
---------------------------------------------

2021-03-04 09:05:37,122 [1] DEBUG WCS.Trans.MainWindow [(null)] - 
2021-03-04 09:05:37.116
与OPC SERVER建立连接成功！
---------------------------------------------

2021-03-04 09:05:38,189 [1] DEBUG WCS.Trans.MainWindow [(null)] - 
2021-03-04 09:05:38.184
[A1201]设备状态为手动
---------------------------------------------

2021-03-04 09:05:38,198 [1] DEBUG WCS.Trans.MainWindow [(null)] - 
2021-03-04 09:05:38.193
[A1101]设备状态为手动
---------------------------------------------

2021-03-04 09:05:38,204 [1] DEBUG WCS.Trans.MainWindow [(null)] - 
2021-03-04 09:05:38.200
[A1131]设备状态为手动
---------------------------------------------

2021-03-04 09:05:38,212 [1] DEBUG WCS.Trans.MainWindow [(null)] - 
2021-03-04 09:05:38.208
[A1161]设备状态为手动
---------------------------------------------

2021-03-04 09:05:38,220 [1] DEBUG WCS.Trans.MainWindow [(null)] - 
2021-03-04 09:05:38.216
[A1112]设备状态为手动
---------------------------------------------

2021-03-04 09:05:38,228 [1] DEBUG WCS.Trans.MainWindow [(null)] - 
2021-03-04 09:05:38.223
[A1142]设备状态为手动
---------------------------------------------

2021-03-04 09:05:38,236 [1] DEBUG WCS.Trans.MainWindow [(null)] - 
2021-03-04 09:05:38.231
[A1172]设备状态为手动
---------------------------------------------

2021-03-04 09:05:38,244 [1] DEBUG WCS.Trans.MainWindow [(null)] - 
2021-03-04 09:05:38.240
[A1121]设备状态为手动
---------------------------------------------

2021-03-04 09:05:38,251 [1] DEBUG WCS.Trans.MainWindow [(null)] - 
2021-03-04 09:05:38.247
[A1151]设备状态为手动
---------------------------------------------

2021-03-04 09:05:38,280 [1] DEBUG WCS.Trans.MainWindow [(null)] - 
2021-03-04 09:05:38.256
[A1181]设备状态为手动
---------------------------------------------

2021-03-04 09:09:52,417 [1] DEBUG WCS.Trans.MainWindow [(null)] - 
2021-03-04 09:09:52.335
创建站台对象成功！
---------------------------------------------

2021-03-04 09:09:52,452 [1] DEBUG WCS.Trans.MainWindow [(null)] - 
2021-03-04 09:09:52.445
OPC节点数[219]
---------------------------------------------

2021-03-04 09:09:52,873 [1] DEBUG WCS.Trans.MainWindow [(null)] - 
2021-03-04 09:09:52.867
与OPC SERVER建立连接成功！
---------------------------------------------

2021-03-04 09:09:53,947 [1] DEBUG WCS.Trans.MainWindow [(null)] - 
2021-03-04 09:09:53.940
[A1201]设备状态为手动
---------------------------------------------

2021-03-04 09:09:53,956 [1] DEBUG WCS.Trans.MainWindow [(null)] - 
2021-03-04 09:09:53.952
[A1101]设备状态为手动
---------------------------------------------

2021-03-04 09:09:53,963 [1] DEBUG WCS.Trans.MainWindow [(null)] - 
2021-03-04 09:09:53.959
[A1131]设备状态为手动
---------------------------------------------

2021-03-04 09:09:53,972 [1] DEBUG WCS.Trans.MainWindow [(null)] - 
2021-03-04 09:09:53.967
[A1161]设备状态为手动
---------------------------------------------

2021-03-04 09:09:53,980 [1] DEBUG WCS.Trans.MainWindow [(null)] - 
2021-03-04 09:09:53.975
[A1112]设备状态为手动
---------------------------------------------

2021-03-04 09:09:53,986 [1] DEBUG WCS.Trans.MainWindow [(null)] - 
2021-03-04 09:09:53.982
[A1142]设备状态为手动
---------------------------------------------

2021-03-04 09:09:53,994 [1] DEBUG WCS.Trans.MainWindow [(null)] - 
2021-03-04 09:09:53.990
[A1172]设备状态为手动
---------------------------------------------

2021-03-04 09:09:54,002 [1] DEBUG WCS.Trans.MainWindow [(null)] - 
2021-03-04 09:09:53.998
[A1121]设备状态为手动
---------------------------------------------

2021-03-04 09:09:54,009 [1] DEBUG WCS.Trans.MainWindow [(null)] - 
2021-03-04 09:09:54.005
[A1151]设备状态为手动
---------------------------------------------

2021-03-04 09:09:54,035 [1] DEBUG WCS.Trans.MainWindow [(null)] - 
2021-03-04 09:09:54.031
[A1181]设备状态为手动
---------------------------------------------

2021-03-04 09:11:12,615 [1] DEBUG WCS.Trans.MainWindow [(null)] - 
2021-03-04 09:11:12.535
创建站台对象成功！
---------------------------------------------

2021-03-04 09:11:12,650 [1] DEBUG WCS.Trans.MainWindow [(null)] - 
2021-03-04 09:11:12.643
OPC节点数[219]
---------------------------------------------

2021-03-04 09:11:13,078 [1] DEBUG WCS.Trans.MainWindow [(null)] - 
2021-03-04 09:11:13.073
与OPC SERVER建立连接成功！
---------------------------------------------

2021-03-04 09:57:37,494 [1] DEBUG WCS.Trans.MainWindow [(null)] - 
2021-03-04 09:57:37.407
创建站台对象成功！
---------------------------------------------

2021-03-04 09:57:37,527 [1] DEBUG WCS.Trans.MainWindow [(null)] - 
2021-03-04 09:57:37.520
OPC节点数[219]
---------------------------------------------

2021-03-04 09:57:37,937 [1] DEBUG WCS.Trans.MainWindow [(null)] - 
2021-03-04 09:57:37.933
与OPC SERVER建立连接成功！
---------------------------------------------

2021-03-04 09:57:39,012 [1] DEBUG WCS.Trans.MainWindow [(null)] - 
2021-03-04 09:57:39.007
[A1201]设备状态为手动
---------------------------------------------

2021-03-04 09:57:39,027 [1] DEBUG WCS.Trans.MainWindow [(null)] - 
2021-03-04 09:57:39.022
[A1101]设备状态为手动
---------------------------------------------

2021-03-04 09:57:39,035 [1] DEBUG WCS.Trans.MainWindow [(null)] - 
2021-03-04 09:57:39.029
[A1131]设备状态为手动
---------------------------------------------

2021-03-04 09:57:39,042 [1] DEBUG WCS.Trans.MainWindow [(null)] - 
2021-03-04 09:57:39.038
[A1161]设备状态为手动
---------------------------------------------

2021-03-04 09:57:39,050 [1] DEBUG WCS.Trans.MainWindow [(null)] - 
2021-03-04 09:57:39.045
[A1112]设备状态为手动
---------------------------------------------

2021-03-04 09:57:39,057 [1] DEBUG WCS.Trans.MainWindow [(null)] - 
2021-03-04 09:57:39.052
[A1142]设备状态为手动
---------------------------------------------

2021-03-04 09:57:39,064 [1] DEBUG WCS.Trans.MainWindow [(null)] - 
2021-03-04 09:57:39.060
[A1172]设备状态为手动
---------------------------------------------

2021-03-04 09:57:39,072 [1] DEBUG WCS.Trans.MainWindow [(null)] - 
2021-03-04 09:57:39.067
[A1121]设备状态为手动
---------------------------------------------

2021-03-04 09:57:39,079 [1] DEBUG WCS.Trans.MainWindow [(null)] - 
2021-03-04 09:57:39.075
[A1151]设备状态为手动
---------------------------------------------

2021-03-04 09:57:39,105 [1] DEBUG WCS.Trans.MainWindow [(null)] - 
2021-03-04 09:57:39.082
[A1181]设备状态为手动
---------------------------------------------

2021-03-04 09:58:23,166 [1] DEBUG WCS.Trans.MainWindow [(null)] - 
2021-03-04 09:58:23.091
创建站台对象成功！
---------------------------------------------

2021-03-04 09:58:23,201 [1] DEBUG WCS.Trans.MainWindow [(null)] - 
2021-03-04 09:58:23.194
OPC节点数[219]
---------------------------------------------

2021-03-04 09:58:23,626 [1] DEBUG WCS.Trans.MainWindow [(null)] - 
2021-03-04 09:58:23.620
与OPC SERVER建立连接成功！
---------------------------------------------

2021-03-04 09:59:18,602 [1] DEBUG WCS.Trans.MainWindow [(null)] - 
2021-03-04 09:59:18.590
[A1201]设备状态为手动
---------------------------------------------

2021-03-04 09:59:18,615 [1] DEBUG WCS.Trans.MainWindow [(null)] - 
2021-03-04 09:59:18.608
[A1101]设备状态为手动
---------------------------------------------

2021-03-04 09:59:18,623 [1] DEBUG WCS.Trans.MainWindow [(null)] - 
2021-03-04 09:59:18.618
[A1131]设备状态为手动
---------------------------------------------

2021-03-04 09:59:18,633 [1] DEBUG WCS.Trans.MainWindow [(null)] - 
2021-03-04 09:59:18.628
[A1161]设备状态为手动
---------------------------------------------

2021-03-04 09:59:18,641 [1] DEBUG WCS.Trans.MainWindow [(null)] - 
2021-03-04 09:59:18.636
[A1112]设备状态为手动
---------------------------------------------

2021-03-04 09:59:18,650 [1] DEBUG WCS.Trans.MainWindow [(null)] - 
2021-03-04 09:59:18.644
[A1142]设备状态为手动
---------------------------------------------

2021-03-04 09:59:18,657 [1] DEBUG WCS.Trans.MainWindow [(null)] - 
2021-03-04 09:59:18.653
[A1172]设备状态为手动
---------------------------------------------

2021-03-04 09:59:18,666 [1] DEBUG WCS.Trans.MainWindow [(null)] - 
2021-03-04 09:59:18.660
[A1121]设备状态为手动
---------------------------------------------

2021-03-04 09:59:18,674 [1] DEBUG WCS.Trans.MainWindow [(null)] - 
2021-03-04 09:59:18.669
[A1151]设备状态为手动
---------------------------------------------

2021-03-04 09:59:18,705 [1] DEBUG WCS.Trans.MainWindow [(null)] - 
2021-03-04 09:59:18.678
[A1181]设备状态为手动
---------------------------------------------

2021-03-04 10:15:42,852 [1] DEBUG WCS.Trans.MainWindow [(null)] - 
2021-03-04 10:15:42.737
创建站台对象成功！
---------------------------------------------

2021-03-04 10:15:42,893 [1] DEBUG WCS.Trans.MainWindow [(null)] - 
2021-03-04 10:15:42.885
OPC节点数[219]
---------------------------------------------

2021-03-04 10:15:43,401 [1] DEBUG WCS.Trans.MainWindow [(null)] - 
2021-03-04 10:15:43.395
与OPC SERVER建立连接成功！
---------------------------------------------

2021-03-04 10:15:44,493 [1] DEBUG WCS.Trans.MainWindow [(null)] - 
2021-03-04 10:15:44.484
[A1201]设备状态为手动
---------------------------------------------

2021-03-04 10:15:44,505 [1] DEBUG WCS.Trans.MainWindow [(null)] - 
2021-03-04 10:15:44.499
[A1101]设备状态为手动
---------------------------------------------

2021-03-04 10:15:44,514 [1] DEBUG WCS.Trans.MainWindow [(null)] - 
2021-03-04 10:15:44.508
[A1131]设备状态为手动
---------------------------------------------

2021-03-04 10:15:44,525 [1] DEBUG WCS.Trans.MainWindow [(null)] - 
2021-03-04 10:15:44.518
[A1161]设备状态为手动
---------------------------------------------

2021-03-04 10:15:44,541 [1] DEBUG WCS.Trans.MainWindow [(null)] - 
2021-03-04 10:15:44.534
[A1112]设备状态为手动
---------------------------------------------

2021-03-04 10:15:44,568 [1] DEBUG WCS.Trans.MainWindow [(null)] - 
2021-03-04 10:15:44.545
[A1142]设备状态为手动
---------------------------------------------

2021-03-04 10:15:44,584 [1] DEBUG WCS.Trans.MainWindow [(null)] - 
2021-03-04 10:15:44.572
[A1172]设备状态为手动
---------------------------------------------

2021-03-04 10:15:44,595 [1] DEBUG WCS.Trans.MainWindow [(null)] - 
2021-03-04 10:15:44.590
[A1121]设备状态为手动
---------------------------------------------

2021-03-04 10:15:44,605 [1] DEBUG WCS.Trans.MainWindow [(null)] - 
2021-03-04 10:15:44.599
[A1151]设备状态为手动
---------------------------------------------

2021-03-04 10:15:44,613 [1] DEBUG WCS.Trans.MainWindow [(null)] - 
2021-03-04 10:15:44.608
[A1181]设备状态为手动
---------------------------------------------

2021-03-04 10:27:10,427 [1] DEBUG WCS.Trans.MainWindow [(null)] - 
2021-03-04 10:27:10.315
创建站台对象成功！
---------------------------------------------

2021-03-04 10:27:10,475 [1] DEBUG WCS.Trans.MainWindow [(null)] - 
2021-03-04 10:27:10.465
OPC节点数[219]
---------------------------------------------

2021-03-04 10:27:11,119 [1] DEBUG WCS.Trans.MainWindow [(null)] - 
2021-03-04 10:27:11.112
与OPC SERVER建立连接成功！
---------------------------------------------

2021-03-04 10:27:12,240 [1] DEBUG WCS.Trans.MainWindow [(null)] - 
2021-03-04 10:27:12.234
[A1201]设备状态为手动
---------------------------------------------

2021-03-04 10:27:12,249 [1] DEBUG WCS.Trans.MainWindow [(null)] - 
2021-03-04 10:27:12.245
[A1101]设备状态为手动
---------------------------------------------

2021-03-04 10:27:12,256 [1] DEBUG WCS.Trans.MainWindow [(null)] - 
2021-03-04 10:27:12.252
[A1131]设备状态为手动
---------------------------------------------

2021-03-04 10:27:12,264 [1] DEBUG WCS.Trans.MainWindow [(null)] - 
2021-03-04 10:27:12.259
[A1161]设备状态为手动
---------------------------------------------

2021-03-04 10:27:12,271 [1] DEBUG WCS.Trans.MainWindow [(null)] - 
2021-03-04 10:27:12.267
[A1112]设备状态为手动
---------------------------------------------

2021-03-04 10:27:12,278 [1] DEBUG WCS.Trans.MainWindow [(null)] - 
2021-03-04 10:27:12.273
[A1142]设备状态为手动
---------------------------------------------

2021-03-04 10:27:12,285 [1] DEBUG WCS.Trans.MainWindow [(null)] - 
2021-03-04 10:27:12.281
[A1172]设备状态为手动
---------------------------------------------

2021-03-04 10:27:12,293 [1] DEBUG WCS.Trans.MainWindow [(null)] - 
2021-03-04 10:27:12.288
[A1121]设备状态为手动
---------------------------------------------

2021-03-04 10:27:12,318 [1] DEBUG WCS.Trans.MainWindow [(null)] - 
2021-03-04 10:27:12.295
[A1151]设备状态为手动
---------------------------------------------

2021-03-04 10:27:12,326 [1] DEBUG WCS.Trans.MainWindow [(null)] - 
2021-03-04 10:27:12.321
[A1181]设备状态为手动
---------------------------------------------

2021-03-04 10:32:09,902 [1] DEBUG WCS.Trans.MainWindow [(null)] - 
2021-03-04 10:32:09.898
[A1101]写入PLC信号切换标志成功！
---------------------------------------------

2021-03-04 10:32:09,907 [1] DEBUG WCS.Trans.MainWindow [(null)] - 
2021-03-04 10:32:09.903
[A1101]出入库模式切换为:出库
---------------------------------------------

2021-03-04 10:32:10,959 [1] DEBUG WCS.Trans.MainWindow [(null)] - 
2021-03-04 10:32:10.954
[A1101]写入PLC信号切换标志成功！
---------------------------------------------

2021-03-04 10:32:10,965 [1] DEBUG WCS.Trans.MainWindow [(null)] - 
2021-03-04 10:32:10.959
[A1101]出入库模式切换为:出库
---------------------------------------------

2021-03-04 10:32:12,007 [1] DEBUG WCS.Trans.MainWindow [(null)] - 
2021-03-04 10:32:12.001
[A1101]写入PLC信号切换标志成功！
---------------------------------------------

2021-03-04 10:32:12,011 [1] DEBUG WCS.Trans.MainWindow [(null)] - 
2021-03-04 10:32:12.007
[A1101]出入库模式切换为:出库
---------------------------------------------

2021-03-04 10:32:13,050 [1] DEBUG WCS.Trans.MainWindow [(null)] - 
2021-03-04 10:32:13.045
[A1101]写入PLC信号切换标志成功！
---------------------------------------------

2021-03-04 10:32:13,055 [1] DEBUG WCS.Trans.MainWindow [(null)] - 
2021-03-04 10:32:13.051
[A1101]出入库模式切换为:出库
---------------------------------------------

2021-03-04 10:32:14,094 [1] DEBUG WCS.Trans.MainWindow [(null)] - 
2021-03-04 10:32:14.088
[A1101]写入PLC信号切换标志成功！
---------------------------------------------

2021-03-04 10:32:14,099 [1] DEBUG WCS.Trans.MainWindow [(null)] - 
2021-03-04 10:32:14.095
[A1101]出入库模式切换为:出库
---------------------------------------------

2021-03-04 10:32:15,132 [1] DEBUG WCS.Trans.MainWindow [(null)] - 
2021-03-04 10:32:15.127
[A1101]写入PLC信号切换标志成功！
---------------------------------------------

2021-03-04 10:32:15,137 [1] DEBUG WCS.Trans.MainWindow [(null)] - 
2021-03-04 10:32:15.133
[A1101]出入库模式切换为:出库
---------------------------------------------

2021-03-04 10:32:16,179 [1] DEBUG WCS.Trans.MainWindow [(null)] - 
2021-03-04 10:32:16.174
[A1101]写入PLC信号切换标志成功！
---------------------------------------------

2021-03-04 10:32:16,185 [1] DEBUG WCS.Trans.MainWindow [(null)] - 
2021-03-04 10:32:16.180
[A1101]出入库模式切换为:出库
---------------------------------------------

2021-03-04 10:32:17,222 [1] DEBUG WCS.Trans.MainWindow [(null)] - 
2021-03-04 10:32:17.216
[A1101]写入PLC信号切换标志成功！
---------------------------------------------

2021-03-04 10:32:17,228 [1] DEBUG WCS.Trans.MainWindow [(null)] - 
2021-03-04 10:32:17.223
[A1101]出入库模式切换为:出库
---------------------------------------------

2021-03-04 10:32:18,258 [1] DEBUG WCS.Trans.MainWindow [(null)] - 
2021-03-04 10:32:18.253
[A1101]写入PLC信号切换标志成功！
---------------------------------------------

2021-03-04 10:32:18,263 [1] DEBUG WCS.Trans.MainWindow [(null)] - 
2021-03-04 10:32:18.259
[A1101]出入库模式切换为:出库
---------------------------------------------

2021-03-04 10:32:19,342 [1] DEBUG WCS.Trans.MainWindow [(null)] - 
2021-03-04 10:32:19.337
[A1101]写入PLC信号切换标志成功！
---------------------------------------------

2021-03-04 10:32:19,346 [1] DEBUG WCS.Trans.MainWindow [(null)] - 
2021-03-04 10:32:19.343
[A1101]出入库模式切换为:出库
---------------------------------------------

2021-03-04 10:32:20,379 [1] DEBUG WCS.Trans.MainWindow [(null)] - 
2021-03-04 10:32:20.374
[A1101]写入PLC信号切换标志成功！
---------------------------------------------

2021-03-04 10:32:20,384 [1] DEBUG WCS.Trans.MainWindow [(null)] - 
2021-03-04 10:32:20.380
[A1101]出入库模式切换为:出库
---------------------------------------------

2021-03-04 10:32:21,437 [1] DEBUG WCS.Trans.MainWindow [(null)] - 
2021-03-04 10:32:21.432
[A1101]写入PLC信号切换标志成功！
---------------------------------------------

2021-03-04 10:32:21,443 [1] DEBUG WCS.Trans.MainWindow [(null)] - 
2021-03-04 10:32:21.438
[A1101]出入库模式切换为:出库
---------------------------------------------

2021-03-04 10:32:22,474 [1] DEBUG WCS.Trans.MainWindow [(null)] - 
2021-03-04 10:32:22.470
[A1101]写入PLC信号切换标志成功！
---------------------------------------------

2021-03-04 10:32:22,479 [1] DEBUG WCS.Trans.MainWindow [(null)] - 
2021-03-04 10:32:22.475
[A1101]出入库模式切换为:出库
---------------------------------------------

2021-03-04 10:32:22,485 [1] DEBUG WCS.Trans.MainWindow [(null)] - 
2021-03-04 10:32:22.481
[A1101]下位机未传递任务流水号
---------------------------------------------

2021-03-04 10:32:23,517 [1] DEBUG WCS.Trans.MainWindow [(null)] - 
2021-03-04 10:32:23.512
[A1101]写入PLC信号切换标志成功！
---------------------------------------------

2021-03-04 10:32:23,522 [1] DEBUG WCS.Trans.MainWindow [(null)] - 
2021-03-04 10:32:23.518
[A1101]出入库模式切换为:出库
---------------------------------------------

2021-03-04 10:32:23,528 [1] DEBUG WCS.Trans.MainWindow [(null)] - 
2021-03-04 10:32:23.523
[A1101]下位机未传递任务流水号
---------------------------------------------

2021-03-04 10:32:24,576 [1] DEBUG WCS.Trans.MainWindow [(null)] - 
2021-03-04 10:32:24.571
[A1101]写入PLC信号切换标志成功！
---------------------------------------------

2021-03-04 10:32:24,581 [1] DEBUG WCS.Trans.MainWindow [(null)] - 
2021-03-04 10:32:24.577
[A1101]出入库模式切换为:出库
---------------------------------------------

2021-03-04 10:32:24,586 [1] DEBUG WCS.Trans.MainWindow [(null)] - 
2021-03-04 10:32:24.582
[A1101]下位机未传递任务流水号
---------------------------------------------

2021-03-04 10:32:25,628 [1] DEBUG WCS.Trans.MainWindow [(null)] - 
2021-03-04 10:32:25.624
[A1101]写入PLC信号切换标志成功！
---------------------------------------------

2021-03-04 10:32:25,632 [1] DEBUG WCS.Trans.MainWindow [(null)] - 
2021-03-04 10:32:25.629
[A1101]出入库模式切换为:出库
---------------------------------------------

2021-03-04 10:32:25,638 [1] DEBUG WCS.Trans.MainWindow [(null)] - 
2021-03-04 10:32:25.634
[A1101]下位机未传递任务流水号
---------------------------------------------

2021-03-04 10:32:26,710 [1] DEBUG WCS.Trans.MainWindow [(null)] - 
2021-03-04 10:32:26.704
[A1101]写入PLC信号切换标志成功！
---------------------------------------------

2021-03-04 10:32:26,718 [1] DEBUG WCS.Trans.MainWindow [(null)] - 
2021-03-04 10:32:26.712
[A1101]出入库模式切换为:出库
---------------------------------------------

2021-03-04 10:32:26,726 [1] DEBUG WCS.Trans.MainWindow [(null)] - 
2021-03-04 10:32:26.719
[A1101]下位机未传递任务流水号
---------------------------------------------

2021-03-04 10:32:27,793 [1] DEBUG WCS.Trans.MainWindow [(null)] - 
2021-03-04 10:32:27.787
[A1101]写入PLC信号切换标志成功！
---------------------------------------------

2021-03-04 10:32:27,798 [1] DEBUG WCS.Trans.MainWindow [(null)] - 
2021-03-04 10:32:27.794
[A1101]出入库模式切换为:出库
---------------------------------------------

2021-03-04 10:32:27,803 [1] DEBUG WCS.Trans.MainWindow [(null)] - 
2021-03-04 10:32:27.799
[A1101]下位机未传递任务流水号
---------------------------------------------

2021-03-04 10:32:28,839 [1] DEBUG WCS.Trans.MainWindow [(null)] - 
2021-03-04 10:32:28.835
[A1101]写入PLC信号切换标志成功！
---------------------------------------------

2021-03-04 10:32:28,844 [1] DEBUG WCS.Trans.MainWindow [(null)] - 
2021-03-04 10:32:28.840
[A1101]出入库模式切换为:出库
---------------------------------------------

2021-03-04 10:32:28,849 [1] DEBUG WCS.Trans.MainWindow [(null)] - 
2021-03-04 10:32:28.845
[A1101]下位机未传递任务流水号
---------------------------------------------

2021-03-04 10:32:29,893 [1] DEBUG WCS.Trans.MainWindow [(null)] - 
2021-03-04 10:32:29.888
[A1101]写入PLC信号切换标志成功！
---------------------------------------------

2021-03-04 10:32:29,898 [1] DEBUG WCS.Trans.MainWindow [(null)] - 
2021-03-04 10:32:29.893
[A1101]出入库模式切换为:出库
---------------------------------------------

2021-03-04 10:32:29,904 [1] DEBUG WCS.Trans.MainWindow [(null)] - 
2021-03-04 10:32:29.899
[A1101]下位机未传递任务流水号
---------------------------------------------

2021-03-04 10:32:30,960 [1] DEBUG WCS.Trans.MainWindow [(null)] - 
2021-03-04 10:32:30.955
[A1101]写入PLC信号切换标志成功！
---------------------------------------------

2021-03-04 10:32:30,964 [1] DEBUG WCS.Trans.MainWindow [(null)] - 
2021-03-04 10:32:30.961
[A1101]出入库模式切换为:出库
---------------------------------------------

2021-03-04 10:32:30,971 [1] DEBUG WCS.Trans.MainWindow [(null)] - 
2021-03-04 10:32:30.967
[A1101]下位机未传递任务流水号
---------------------------------------------

2021-03-04 10:32:32,009 [1] DEBUG WCS.Trans.MainWindow [(null)] - 
2021-03-04 10:32:32.003
[A1101]写入PLC信号切换标志成功！
---------------------------------------------

2021-03-04 10:32:32,013 [1] DEBUG WCS.Trans.MainWindow [(null)] - 
2021-03-04 10:32:32.009
[A1101]出入库模式切换为:出库
---------------------------------------------

2021-03-04 10:32:32,018 [1] DEBUG WCS.Trans.MainWindow [(null)] - 
2021-03-04 10:32:32.014
[A1101]下位机未传递任务流水号
---------------------------------------------

2021-03-04 10:32:33,052 [1] DEBUG WCS.Trans.MainWindow [(null)] - 
2021-03-04 10:32:33.048
[A1101]写入PLC信号切换标志成功！
---------------------------------------------

2021-03-04 10:32:33,057 [1] DEBUG WCS.Trans.MainWindow [(null)] - 
2021-03-04 10:32:33.053
[A1101]出入库模式切换为:出库
---------------------------------------------

2021-03-04 10:32:33,061 [1] DEBUG WCS.Trans.MainWindow [(null)] - 
2021-03-04 10:32:33.058
[A1101]下位机未传递任务流水号
---------------------------------------------

2021-03-04 10:32:34,096 [1] DEBUG WCS.Trans.MainWindow [(null)] - 
2021-03-04 10:32:34.092
[A1101]写入PLC信号切换标志成功！
---------------------------------------------

2021-03-04 10:32:34,101 [1] DEBUG WCS.Trans.MainWindow [(null)] - 
2021-03-04 10:32:34.097
[A1101]出入库模式切换为:出库
---------------------------------------------

2021-03-04 10:32:34,106 [1] DEBUG WCS.Trans.MainWindow [(null)] - 
2021-03-04 10:32:34.101
[A1101]下位机未传递任务流水号
---------------------------------------------

2021-03-04 10:32:35,139 [1] DEBUG WCS.Trans.MainWindow [(null)] - 
2021-03-04 10:32:35.134
[A1101]写入PLC信号切换标志成功！
---------------------------------------------

2021-03-04 10:32:35,146 [1] DEBUG WCS.Trans.MainWindow [(null)] - 
2021-03-04 10:32:35.141
[A1101]出入库模式切换为:出库
---------------------------------------------

2021-03-04 10:32:35,151 [1] DEBUG WCS.Trans.MainWindow [(null)] - 
2021-03-04 10:32:35.146
[A1101]下位机未传递任务流水号
---------------------------------------------

2021-03-04 10:32:36,184 [1] DEBUG WCS.Trans.MainWindow [(null)] - 
2021-03-04 10:32:36.180
[A1101]写入PLC信号切换标志成功！
---------------------------------------------

2021-03-04 10:32:36,189 [1] DEBUG WCS.Trans.MainWindow [(null)] - 
2021-03-04 10:32:36.185
[A1101]出入库模式切换为:出库
---------------------------------------------

2021-03-04 10:32:36,194 [1] DEBUG WCS.Trans.MainWindow [(null)] - 
2021-03-04 10:32:36.190
[A1101]下位机未传递任务流水号
---------------------------------------------

2021-03-04 10:32:37,228 [1] DEBUG WCS.Trans.MainWindow [(null)] - 
2021-03-04 10:32:37.223
[A1101]写入PLC信号切换标志成功！
---------------------------------------------

2021-03-04 10:32:37,233 [1] DEBUG WCS.Trans.MainWindow [(null)] - 
2021-03-04 10:32:37.229
[A1101]出入库模式切换为:出库
---------------------------------------------

2021-03-04 10:32:37,238 [1] DEBUG WCS.Trans.MainWindow [(null)] - 
2021-03-04 10:32:37.234
[A1101]下位机未传递任务流水号
---------------------------------------------

2021-03-04 10:32:38,308 [1] DEBUG WCS.Trans.MainWindow [(null)] - 
2021-03-04 10:32:38.303
[A1101]写入PLC信号切换标志成功！
---------------------------------------------

2021-03-04 10:32:38,315 [1] DEBUG WCS.Trans.MainWindow [(null)] - 
2021-03-04 10:32:38.309
[A1101]出入库模式切换为:出库
---------------------------------------------

2021-03-04 10:32:38,320 [1] DEBUG WCS.Trans.MainWindow [(null)] - 
2021-03-04 10:32:38.316
[A1101]下位机未传递任务流水号
---------------------------------------------

2021-03-04 10:32:39,359 [1] DEBUG WCS.Trans.MainWindow [(null)] - 
2021-03-04 10:32:39.354
[A1101]写入PLC信号切换标志成功！
---------------------------------------------

2021-03-04 10:32:39,364 [1] DEBUG WCS.Trans.MainWindow [(null)] - 
2021-03-04 10:32:39.360
[A1101]出入库模式切换为:出库
---------------------------------------------

2021-03-04 10:32:39,369 [1] DEBUG WCS.Trans.MainWindow [(null)] - 
2021-03-04 10:32:39.365
[A1101]下位机未传递任务流水号
---------------------------------------------

2021-03-04 10:32:40,406 [1] DEBUG WCS.Trans.MainWindow [(null)] - 
2021-03-04 10:32:40.402
[A1101]写入PLC信号切换标志成功！
---------------------------------------------

2021-03-04 10:32:40,411 [1] DEBUG WCS.Trans.MainWindow [(null)] - 
2021-03-04 10:32:40.407
[A1101]出入库模式切换为:出库
---------------------------------------------

2021-03-04 10:32:40,417 [1] DEBUG WCS.Trans.MainWindow [(null)] - 
2021-03-04 10:32:40.412
[A1101]下位机未传递任务流水号
---------------------------------------------

2021-03-04 10:32:41,455 [1] DEBUG WCS.Trans.MainWindow [(null)] - 
2021-03-04 10:32:41.450
[A1101]写入PLC信号切换标志成功！
---------------------------------------------

2021-03-04 10:32:41,460 [1] DEBUG WCS.Trans.MainWindow [(null)] - 
2021-03-04 10:32:41.456
[A1101]出入库模式切换为:出库
---------------------------------------------

2021-03-04 10:32:41,465 [1] DEBUG WCS.Trans.MainWindow [(null)] - 
2021-03-04 10:32:41.461
[A1101]下位机未传递任务流水号
---------------------------------------------

2021-03-04 10:32:42,497 [1] DEBUG WCS.Trans.MainWindow [(null)] - 
2021-03-04 10:32:42.492
[A1101]写入PLC信号切换标志成功！
---------------------------------------------

2021-03-04 10:32:42,502 [1] DEBUG WCS.Trans.MainWindow [(null)] - 
2021-03-04 10:32:42.498
[A1101]出入库模式切换为:出库
---------------------------------------------

2021-03-04 10:32:42,507 [1] DEBUG WCS.Trans.MainWindow [(null)] - 
2021-03-04 10:32:42.503
[A1101]下位机未传递任务流水号
---------------------------------------------

2021-03-04 10:32:43,548 [1] DEBUG WCS.Trans.MainWindow [(null)] - 
2021-03-04 10:32:43.542
[A1101]写入PLC信号切换标志成功！
---------------------------------------------

2021-03-04 10:32:43,553 [1] DEBUG WCS.Trans.MainWindow [(null)] - 
2021-03-04 10:32:43.549
[A1101]出入库模式切换为:出库
---------------------------------------------

2021-03-04 10:32:43,560 [1] DEBUG WCS.Trans.MainWindow [(null)] - 
2021-03-04 10:32:43.554
[A1101]下位机未传递任务流水号
---------------------------------------------

2021-03-04 10:32:44,595 [1] DEBUG WCS.Trans.MainWindow [(null)] - 
2021-03-04 10:32:44.590
[A1101]写入PLC信号切换标志成功！
---------------------------------------------

2021-03-04 10:32:44,600 [1] DEBUG WCS.Trans.MainWindow [(null)] - 
2021-03-04 10:32:44.596
[A1101]出入库模式切换为:出库
---------------------------------------------

2021-03-04 10:32:44,604 [1] DEBUG WCS.Trans.MainWindow [(null)] - 
2021-03-04 10:32:44.601
[A1101]下位机未传递任务流水号
---------------------------------------------

2021-03-04 10:32:45,639 [1] DEBUG WCS.Trans.MainWindow [(null)] - 
2021-03-04 10:32:45.635
[A1101]写入PLC信号切换标志成功！
---------------------------------------------

2021-03-04 10:32:45,643 [1] DEBUG WCS.Trans.MainWindow [(null)] - 
2021-03-04 10:32:45.640
[A1101]出入库模式切换为:出库
---------------------------------------------

2021-03-04 10:32:45,648 [1] DEBUG WCS.Trans.MainWindow [(null)] - 
2021-03-04 10:32:45.644
[A1101]下位机未传递任务流水号
---------------------------------------------

2021-03-04 10:32:46,685 [1] DEBUG WCS.Trans.MainWindow [(null)] - 
2021-03-04 10:32:46.680
[A1101]写入PLC信号切换标志成功！
---------------------------------------------

2021-03-04 10:32:46,691 [1] DEBUG WCS.Trans.MainWindow [(null)] - 
2021-03-04 10:32:46.686
[A1101]出入库模式切换为:出库
---------------------------------------------

2021-03-04 10:32:46,698 [1] DEBUG WCS.Trans.MainWindow [(null)] - 
2021-03-04 10:32:46.692
[A1101]下位机未传递任务流水号
---------------------------------------------

2021-03-04 10:32:47,732 [1] DEBUG WCS.Trans.MainWindow [(null)] - 
2021-03-04 10:32:47.726
[A1101]写入PLC信号切换标志成功！
---------------------------------------------

2021-03-04 10:32:47,738 [1] DEBUG WCS.Trans.MainWindow [(null)] - 
2021-03-04 10:32:47.733
[A1101]出入库模式切换为:出库
---------------------------------------------

2021-03-04 10:32:47,743 [1] DEBUG WCS.Trans.MainWindow [(null)] - 
2021-03-04 10:32:47.738
[A1101]下位机未传递任务流水号
---------------------------------------------

2021-03-04 10:32:48,778 [1] DEBUG WCS.Trans.MainWindow [(null)] - 
2021-03-04 10:32:48.774
[A1101]写入PLC信号切换标志成功！
---------------------------------------------

2021-03-04 10:32:48,783 [1] DEBUG WCS.Trans.MainWindow [(null)] - 
2021-03-04 10:32:48.779
[A1101]出入库模式切换为:出库
---------------------------------------------

2021-03-04 10:32:48,787 [1] DEBUG WCS.Trans.MainWindow [(null)] - 
2021-03-04 10:32:48.783
[A1101]下位机未传递任务流水号
---------------------------------------------

2021-03-04 10:32:49,818 [1] DEBUG WCS.Trans.MainWindow [(null)] - 
2021-03-04 10:32:49.813
[A1101]写入PLC信号切换标志成功！
---------------------------------------------

2021-03-04 10:32:49,824 [1] DEBUG WCS.Trans.MainWindow [(null)] - 
2021-03-04 10:32:49.819
[A1101]出入库模式切换为:出库
---------------------------------------------

2021-03-04 10:32:49,830 [1] DEBUG WCS.Trans.MainWindow [(null)] - 
2021-03-04 10:32:49.825
[A1101]下位机未传递任务流水号
---------------------------------------------

2021-03-04 10:32:50,867 [1] DEBUG WCS.Trans.MainWindow [(null)] - 
2021-03-04 10:32:50.863
[A1101]写入PLC信号切换标志成功！
---------------------------------------------

2021-03-04 10:32:50,872 [1] DEBUG WCS.Trans.MainWindow [(null)] - 
2021-03-04 10:32:50.868
[A1101]出入库模式切换为:出库
---------------------------------------------

2021-03-04 10:32:50,877 [1] DEBUG WCS.Trans.MainWindow [(null)] - 
2021-03-04 10:32:50.873
[A1101]下位机未传递任务流水号
---------------------------------------------

2021-03-04 10:32:51,917 [1] DEBUG WCS.Trans.MainWindow [(null)] - 
2021-03-04 10:32:51.912
[A1101]写入PLC信号切换标志成功！
---------------------------------------------

2021-03-04 10:32:51,923 [1] DEBUG WCS.Trans.MainWindow [(null)] - 
2021-03-04 10:32:51.918
[A1101]出入库模式切换为:出库
---------------------------------------------

2021-03-04 10:32:51,929 [1] DEBUG WCS.Trans.MainWindow [(null)] - 
2021-03-04 10:32:51.924
[A1101]下位机未传递任务流水号
---------------------------------------------

2021-03-04 10:32:52,961 [1] DEBUG WCS.Trans.MainWindow [(null)] - 
2021-03-04 10:32:52.957
[A1101]写入PLC信号切换标志成功！
---------------------------------------------

2021-03-04 10:32:52,967 [1] DEBUG WCS.Trans.MainWindow [(null)] - 
2021-03-04 10:32:52.962
[A1101]出入库模式切换为:出库
---------------------------------------------

2021-03-04 10:32:52,972 [1] DEBUG WCS.Trans.MainWindow [(null)] - 
2021-03-04 10:32:52.968
[A1101]下位机未传递任务流水号
---------------------------------------------

2021-03-04 10:32:54,107 [1] DEBUG WCS.Trans.MainWindow [(null)] - 
2021-03-04 10:32:54.102
[A1101]写入PLC信号切换标志成功！
---------------------------------------------

2021-03-04 10:32:54,113 [1] DEBUG WCS.Trans.MainWindow [(null)] - 
2021-03-04 10:32:54.108
[A1101]出入库模式切换为:出库
---------------------------------------------

2021-03-04 10:32:54,118 [1] DEBUG WCS.Trans.MainWindow [(null)] - 
2021-03-04 10:32:54.114
[A1101]下位机传递信息：
任务编号 = 10002
工装编号 = 
---------------------------------------------

2021-03-04 10:32:54,126 [1] DEBUG WCS.Trans.MainWindow [(null)] - 
2021-03-04 10:32:54.122
[A1101]获取指令结束主键[6]成功！
---------------------------------------------

2021-03-04 10:32:54,193 [1] DEBUG WCS.Trans.MainWindow [(null)] - 
2021-03-04 10:32:54.189
[A1101]结束指令成功！
---------------------------------------------

2021-03-04 10:32:54,202 [1] DEBUG WCS.Trans.MainWindow [(null)] - 
2021-03-04 10:32:54.198
[A1101]写入PLC取货处理标志成功！
---------------------------------------------

2021-03-04 10:32:55,245 [1] DEBUG WCS.Trans.MainWindow [(null)] - 
2021-03-04 10:32:55.238
[A1101]写入PLC信号切换标志成功！
---------------------------------------------

2021-03-04 10:32:55,250 [1] DEBUG WCS.Trans.MainWindow [(null)] - 
2021-03-04 10:32:55.246
[A1101]出入库模式切换为:出库
---------------------------------------------

2021-03-04 10:32:56,279 [1] DEBUG WCS.Trans.MainWindow [(null)] - 
2021-03-04 10:32:56.273
[A1101]写入PLC信号切换标志成功！
---------------------------------------------

2021-03-04 10:32:56,284 [1] DEBUG WCS.Trans.MainWindow [(null)] - 
2021-03-04 10:32:56.280
[A1101]出入库模式切换为:出库
---------------------------------------------

2021-03-04 10:32:57,313 [1] DEBUG WCS.Trans.MainWindow [(null)] - 
2021-03-04 10:32:57.309
[A1101]写入PLC信号切换标志成功！
---------------------------------------------

2021-03-04 10:32:57,318 [1] DEBUG WCS.Trans.MainWindow [(null)] - 
2021-03-04 10:32:57.314
[A1101]出入库模式切换为:出库
---------------------------------------------

2021-03-04 10:32:58,349 [1] DEBUG WCS.Trans.MainWindow [(null)] - 
2021-03-04 10:32:58.344
[A1101]写入PLC信号切换标志成功！
---------------------------------------------

2021-03-04 10:32:58,355 [1] DEBUG WCS.Trans.MainWindow [(null)] - 
2021-03-04 10:32:58.350
[A1101]出入库模式切换为:出库
---------------------------------------------

2021-03-04 10:32:59,386 [1] DEBUG WCS.Trans.MainWindow [(null)] - 
2021-03-04 10:32:59.382
[A1101]写入PLC信号切换标志成功！
---------------------------------------------

2021-03-04 10:32:59,392 [1] DEBUG WCS.Trans.MainWindow [(null)] - 
2021-03-04 10:32:59.387
[A1101]出入库模式切换为:出库
---------------------------------------------

2021-03-04 10:33:00,449 [1] DEBUG WCS.Trans.MainWindow [(null)] - 
2021-03-04 10:33:00.443
[A1101]写入PLC信号切换标志成功！
---------------------------------------------

2021-03-04 10:33:00,454 [1] DEBUG WCS.Trans.MainWindow [(null)] - 
2021-03-04 10:33:00.450
[A1101]出入库模式切换为:出库
---------------------------------------------

2021-03-04 10:33:01,490 [1] DEBUG WCS.Trans.MainWindow [(null)] - 
2021-03-04 10:33:01.485
[A1101]写入PLC信号切换标志成功！
---------------------------------------------

2021-03-04 10:33:01,497 [1] DEBUG WCS.Trans.MainWindow [(null)] - 
2021-03-04 10:33:01.490
[A1101]出入库模式切换为:出库
---------------------------------------------

2021-03-04 10:33:02,528 [1] DEBUG WCS.Trans.MainWindow [(null)] - 
2021-03-04 10:33:02.522
[A1101]写入PLC信号切换标志成功！
---------------------------------------------

2021-03-04 10:33:02,533 [1] DEBUG WCS.Trans.MainWindow [(null)] - 
2021-03-04 10:33:02.529
[A1101]出入库模式切换为:出库
---------------------------------------------

2021-03-04 10:33:03,596 [1] DEBUG WCS.Trans.MainWindow [(null)] - 
2021-03-04 10:33:03.593
[A1101]写入PLC信号切换标志成功！
---------------------------------------------

2021-03-04 10:33:03,601 [1] DEBUG WCS.Trans.MainWindow [(null)] - 
2021-03-04 10:33:03.597
[A1101]出入库模式切换为:出库
---------------------------------------------

2021-03-04 10:33:04,635 [1] DEBUG WCS.Trans.MainWindow [(null)] - 
2021-03-04 10:33:04.631
[A1101]写入PLC信号切换标志成功！
---------------------------------------------

2021-03-04 10:33:04,641 [1] DEBUG WCS.Trans.MainWindow [(null)] - 
2021-03-04 10:33:04.636
[A1101]出入库模式切换为:出库
---------------------------------------------

2021-03-04 10:33:05,675 [1] DEBUG WCS.Trans.MainWindow [(null)] - 
2021-03-04 10:33:05.671
[A1101]写入PLC信号切换标志成功！
---------------------------------------------

2021-03-04 10:33:05,680 [1] DEBUG WCS.Trans.MainWindow [(null)] - 
2021-03-04 10:33:05.676
[A1101]出入库模式切换为:出库
---------------------------------------------

2021-03-04 10:33:06,717 [1] DEBUG WCS.Trans.MainWindow [(null)] - 
2021-03-04 10:33:06.713
[A1101]写入PLC信号切换标志成功！
---------------------------------------------

2021-03-04 10:33:06,721 [1] DEBUG WCS.Trans.MainWindow [(null)] - 
2021-03-04 10:33:06.717
[A1101]出入库模式切换为:出库
---------------------------------------------

2021-03-04 10:33:07,765 [1] DEBUG WCS.Trans.MainWindow [(null)] - 
2021-03-04 10:33:07.761
[A1101]写入PLC信号切换标志成功！
---------------------------------------------

2021-03-04 10:33:07,770 [1] DEBUG WCS.Trans.MainWindow [(null)] - 
2021-03-04 10:33:07.766
[A1101]出入库模式切换为:出库
---------------------------------------------

2021-03-04 10:33:08,818 [1] DEBUG WCS.Trans.MainWindow [(null)] - 
2021-03-04 10:33:08.813
[A1101]写入PLC信号切换标志成功！
---------------------------------------------

2021-03-04 10:33:08,824 [1] DEBUG WCS.Trans.MainWindow [(null)] - 
2021-03-04 10:33:08.820
[A1101]出入库模式切换为:出库
---------------------------------------------

2021-03-04 10:33:09,864 [1] DEBUG WCS.Trans.MainWindow [(null)] - 
2021-03-04 10:33:09.860
[A1101]写入PLC信号切换标志成功！
---------------------------------------------

2021-03-04 10:33:09,870 [1] DEBUG WCS.Trans.MainWindow [(null)] - 
2021-03-04 10:33:09.865
[A1101]出入库模式切换为:出库
---------------------------------------------

2021-03-04 10:33:10,908 [1] DEBUG WCS.Trans.MainWindow [(null)] - 
2021-03-04 10:33:10.905
[A1101]写入PLC信号切换标志成功！
---------------------------------------------

2021-03-04 10:33:10,913 [1] DEBUG WCS.Trans.MainWindow [(null)] - 
2021-03-04 10:33:10.909
[A1101]出入库模式切换为:出库
---------------------------------------------

2021-03-04 10:33:11,960 [1] DEBUG WCS.Trans.MainWindow [(null)] - 
2021-03-04 10:33:11.955
[A1101]写入PLC信号切换标志成功！
---------------------------------------------

2021-03-04 10:33:11,966 [1] DEBUG WCS.Trans.MainWindow [(null)] - 
2021-03-04 10:33:11.961
[A1101]出入库模式切换为:出库
---------------------------------------------

2021-03-04 10:33:13,010 [1] DEBUG WCS.Trans.MainWindow [(null)] - 
2021-03-04 10:33:13.006
[A1101]写入PLC信号切换标志成功！
---------------------------------------------

2021-03-04 10:33:13,015 [1] DEBUG WCS.Trans.MainWindow [(null)] - 
2021-03-04 10:33:13.011
[A1101]出入库模式切换为:出库
---------------------------------------------

2021-03-04 10:33:14,056 [1] DEBUG WCS.Trans.MainWindow [(null)] - 
2021-03-04 10:33:14.051
[A1101]写入PLC信号切换标志成功！
---------------------------------------------

2021-03-04 10:33:14,062 [1] DEBUG WCS.Trans.MainWindow [(null)] - 
2021-03-04 10:33:14.058
[A1101]出入库模式切换为:出库
---------------------------------------------

2021-03-04 10:33:15,103 [1] DEBUG WCS.Trans.MainWindow [(null)] - 
2021-03-04 10:33:15.099
[A1101]写入PLC信号切换标志成功！
---------------------------------------------

2021-03-04 10:33:15,108 [1] DEBUG WCS.Trans.MainWindow [(null)] - 
2021-03-04 10:33:15.104
[A1101]出入库模式切换为:出库
---------------------------------------------

2021-03-04 10:33:16,151 [1] DEBUG WCS.Trans.MainWindow [(null)] - 
2021-03-04 10:33:16.145
[A1101]写入PLC信号切换标志成功！
---------------------------------------------

2021-03-04 10:33:16,156 [1] DEBUG WCS.Trans.MainWindow [(null)] - 
2021-03-04 10:33:16.152
[A1101]出入库模式切换为:出库
---------------------------------------------

2021-03-04 10:33:17,194 [1] DEBUG WCS.Trans.MainWindow [(null)] - 
2021-03-04 10:33:17.190
[A1101]写入PLC信号切换标志成功！
---------------------------------------------

2021-03-04 10:33:17,199 [1] DEBUG WCS.Trans.MainWindow [(null)] - 
2021-03-04 10:33:17.195
[A1101]出入库模式切换为:出库
---------------------------------------------

2021-03-04 10:33:18,234 [1] DEBUG WCS.Trans.MainWindow [(null)] - 
2021-03-04 10:33:18.229
[A1101]写入PLC信号切换标志成功！
---------------------------------------------

2021-03-04 10:33:18,239 [1] DEBUG WCS.Trans.MainWindow [(null)] - 
2021-03-04 10:33:18.234
[A1101]出入库模式切换为:出库
---------------------------------------------

2021-03-04 10:33:19,277 [1] DEBUG WCS.Trans.MainWindow [(null)] - 
2021-03-04 10:33:19.272
[A1101]写入PLC信号切换标志成功！
---------------------------------------------

2021-03-04 10:33:19,282 [1] DEBUG WCS.Trans.MainWindow [(null)] - 
2021-03-04 10:33:19.278
[A1101]出入库模式切换为:出库
---------------------------------------------

2021-03-04 10:33:20,322 [1] DEBUG WCS.Trans.MainWindow [(null)] - 
2021-03-04 10:33:20.318
[A1101]写入PLC信号切换标志成功！
---------------------------------------------

2021-03-04 10:33:20,327 [1] DEBUG WCS.Trans.MainWindow [(null)] - 
2021-03-04 10:33:20.323
[A1101]出入库模式切换为:出库
---------------------------------------------

2021-03-04 10:33:21,367 [1] DEBUG WCS.Trans.MainWindow [(null)] - 
2021-03-04 10:33:21.362
[A1101]写入PLC信号切换标志成功！
---------------------------------------------

2021-03-04 10:33:21,372 [1] DEBUG WCS.Trans.MainWindow [(null)] - 
2021-03-04 10:33:21.367
[A1101]出入库模式切换为:出库
---------------------------------------------

2021-03-04 10:33:22,423 [1] DEBUG WCS.Trans.MainWindow [(null)] - 
2021-03-04 10:33:22.416
[A1101]写入PLC信号切换标志成功！
---------------------------------------------

2021-03-04 10:33:22,428 [1] DEBUG WCS.Trans.MainWindow [(null)] - 
2021-03-04 10:33:22.424
[A1101]出入库模式切换为:出库
---------------------------------------------

2021-03-04 10:33:23,474 [1] DEBUG WCS.Trans.MainWindow [(null)] - 
2021-03-04 10:33:23.470
[A1101]写入PLC信号切换标志成功！
---------------------------------------------

2021-03-04 10:33:23,479 [1] DEBUG WCS.Trans.MainWindow [(null)] - 
2021-03-04 10:33:23.475
[A1101]出入库模式切换为:出库
---------------------------------------------

2021-03-04 10:33:24,520 [1] DEBUG WCS.Trans.MainWindow [(null)] - 
2021-03-04 10:33:24.515
[A1101]写入PLC信号切换标志成功！
---------------------------------------------

2021-03-04 10:33:24,525 [1] DEBUG WCS.Trans.MainWindow [(null)] - 
2021-03-04 10:33:24.521
[A1101]出入库模式切换为:出库
---------------------------------------------

2021-03-04 10:33:25,566 [1] DEBUG WCS.Trans.MainWindow [(null)] - 
2021-03-04 10:33:25.561
[A1101]写入PLC信号切换标志成功！
---------------------------------------------

2021-03-04 10:33:25,571 [1] DEBUG WCS.Trans.MainWindow [(null)] - 
2021-03-04 10:33:25.566
[A1101]出入库模式切换为:出库
---------------------------------------------

2021-03-04 10:33:26,649 [1] DEBUG WCS.Trans.MainWindow [(null)] - 
2021-03-04 10:33:26.644
[A1101]写入PLC信号切换标志成功！
---------------------------------------------

2021-03-04 10:33:26,656 [1] DEBUG WCS.Trans.MainWindow [(null)] - 
2021-03-04 10:33:26.650
[A1101]出入库模式切换为:出库
---------------------------------------------

2021-03-04 10:33:27,709 [1] DEBUG WCS.Trans.MainWindow [(null)] - 
2021-03-04 10:33:27.704
[A1101]写入PLC信号切换标志成功！
---------------------------------------------

2021-03-04 10:33:27,715 [1] DEBUG WCS.Trans.MainWindow [(null)] - 
2021-03-04 10:33:27.710
[A1101]出入库模式切换为:出库
---------------------------------------------

2021-03-04 10:33:28,751 [1] DEBUG WCS.Trans.MainWindow [(null)] - 
2021-03-04 10:33:28.747
[A1101]写入PLC信号切换标志成功！
---------------------------------------------

2021-03-04 10:33:28,757 [1] DEBUG WCS.Trans.MainWindow [(null)] - 
2021-03-04 10:33:28.753
[A1101]出入库模式切换为:出库
---------------------------------------------

2021-03-04 10:33:29,800 [1] DEBUG WCS.Trans.MainWindow [(null)] - 
2021-03-04 10:33:29.796
[A1101]写入PLC信号切换标志成功！
---------------------------------------------

2021-03-04 10:33:29,808 [1] DEBUG WCS.Trans.MainWindow [(null)] - 
2021-03-04 10:33:29.801
[A1101]出入库模式切换为:出库
---------------------------------------------

2021-03-04 10:33:30,858 [1] DEBUG WCS.Trans.MainWindow [(null)] - 
2021-03-04 10:33:30.854
[A1101]写入PLC信号切换标志成功！
---------------------------------------------

2021-03-04 10:33:30,863 [1] DEBUG WCS.Trans.MainWindow [(null)] - 
2021-03-04 10:33:30.859
[A1101]出入库模式切换为:出库
---------------------------------------------

2021-03-04 10:33:31,929 [1] DEBUG WCS.Trans.MainWindow [(null)] - 
2021-03-04 10:33:31.925
[A1101]写入PLC信号切换标志成功！
---------------------------------------------

2021-03-04 10:33:31,936 [1] DEBUG WCS.Trans.MainWindow [(null)] - 
2021-03-04 10:33:31.932
[A1101]出入库模式切换为:出库
---------------------------------------------

2021-03-04 10:33:32,991 [1] DEBUG WCS.Trans.MainWindow [(null)] - 
2021-03-04 10:33:32.986
[A1101]写入PLC信号切换标志成功！
---------------------------------------------

2021-03-04 10:33:32,997 [1] DEBUG WCS.Trans.MainWindow [(null)] - 
2021-03-04 10:33:32.992
[A1101]出入库模式切换为:出库
---------------------------------------------

2021-03-04 10:33:34,051 [1] DEBUG WCS.Trans.MainWindow [(null)] - 
2021-03-04 10:33:34.046
[A1101]写入PLC信号切换标志成功！
---------------------------------------------

2021-03-04 10:33:34,057 [1] DEBUG WCS.Trans.MainWindow [(null)] - 
2021-03-04 10:33:34.052
[A1101]出入库模式切换为:出库
---------------------------------------------

2021-03-04 10:33:35,104 [1] DEBUG WCS.Trans.MainWindow [(null)] - 
2021-03-04 10:33:35.098
[A1101]写入PLC信号切换标志成功！
---------------------------------------------

2021-03-04 10:33:35,110 [1] DEBUG WCS.Trans.MainWindow [(null)] - 
2021-03-04 10:33:35.105
[A1101]出入库模式切换为:出库
---------------------------------------------

2021-03-04 10:33:36,155 [1] DEBUG WCS.Trans.MainWindow [(null)] - 
2021-03-04 10:33:36.150
[A1101]写入PLC信号切换标志成功！
---------------------------------------------

2021-03-04 10:33:36,161 [1] DEBUG WCS.Trans.MainWindow [(null)] - 
2021-03-04 10:33:36.156
[A1101]出入库模式切换为:出库
---------------------------------------------

2021-03-04 10:33:37,226 [1] DEBUG WCS.Trans.MainWindow [(null)] - 
2021-03-04 10:33:37.222
[A1101]写入PLC信号切换标志成功！
---------------------------------------------

2021-03-04 10:33:37,233 [1] DEBUG WCS.Trans.MainWindow [(null)] - 
2021-03-04 10:33:37.228
[A1101]出入库模式切换为:出库
---------------------------------------------

2021-03-04 10:33:38,274 [1] DEBUG WCS.Trans.MainWindow [(null)] - 
2021-03-04 10:33:38.270
[A1101]写入PLC信号切换标志成功！
---------------------------------------------

2021-03-04 10:33:38,279 [1] DEBUG WCS.Trans.MainWindow [(null)] - 
2021-03-04 10:33:38.275
[A1101]出入库模式切换为:出库
---------------------------------------------

2021-03-04 10:33:39,332 [1] DEBUG WCS.Trans.MainWindow [(null)] - 
2021-03-04 10:33:39.327
[A1101]写入PLC信号切换标志成功！
---------------------------------------------

2021-03-04 10:33:39,338 [1] DEBUG WCS.Trans.MainWindow [(null)] - 
2021-03-04 10:33:39.333
[A1101]出入库模式切换为:出库
---------------------------------------------

2021-03-04 10:33:40,387 [1] DEBUG WCS.Trans.MainWindow [(null)] - 
2021-03-04 10:33:40.382
[A1101]写入PLC信号切换标志成功！
---------------------------------------------

2021-03-04 10:33:40,393 [1] DEBUG WCS.Trans.MainWindow [(null)] - 
2021-03-04 10:33:40.388
[A1101]出入库模式切换为:出库
---------------------------------------------

2021-03-04 10:33:41,446 [1] DEBUG WCS.Trans.MainWindow [(null)] - 
2021-03-04 10:33:41.441
[A1101]写入PLC信号切换标志成功！
---------------------------------------------

2021-03-04 10:33:41,451 [1] DEBUG WCS.Trans.MainWindow [(null)] - 
2021-03-04 10:33:41.447
[A1101]出入库模式切换为:出库
---------------------------------------------

2021-03-04 10:33:42,491 [1] DEBUG WCS.Trans.MainWindow [(null)] - 
2021-03-04 10:33:42.487
[A1101]写入PLC信号切换标志成功！
---------------------------------------------

2021-03-04 10:33:42,496 [1] DEBUG WCS.Trans.MainWindow [(null)] - 
2021-03-04 10:33:42.492
[A1101]出入库模式切换为:出库
---------------------------------------------

2021-03-04 10:33:43,542 [1] DEBUG WCS.Trans.MainWindow [(null)] - 
2021-03-04 10:33:43.538
[A1101]写入PLC信号切换标志成功！
---------------------------------------------

2021-03-04 10:33:43,548 [1] DEBUG WCS.Trans.MainWindow [(null)] - 
2021-03-04 10:33:43.543
[A1101]出入库模式切换为:出库
---------------------------------------------

2021-03-04 10:33:44,590 [1] DEBUG WCS.Trans.MainWindow [(null)] - 
2021-03-04 10:33:44.586
[A1101]写入PLC信号切换标志成功！
---------------------------------------------

2021-03-04 10:33:44,597 [1] DEBUG WCS.Trans.MainWindow [(null)] - 
2021-03-04 10:33:44.591
[A1101]出入库模式切换为:出库
---------------------------------------------

2021-03-04 10:33:45,637 [1] DEBUG WCS.Trans.MainWindow [(null)] - 
2021-03-04 10:33:45.633
[A1101]写入PLC信号切换标志成功！
---------------------------------------------

2021-03-04 10:33:45,642 [1] DEBUG WCS.Trans.MainWindow [(null)] - 
2021-03-04 10:33:45.638
[A1101]出入库模式切换为:出库
---------------------------------------------

2021-03-04 10:33:46,683 [1] DEBUG WCS.Trans.MainWindow [(null)] - 
2021-03-04 10:33:46.678
[A1101]写入PLC信号切换标志成功！
---------------------------------------------

2021-03-04 10:33:46,692 [1] DEBUG WCS.Trans.MainWindow [(null)] - 
2021-03-04 10:33:46.684
[A1101]出入库模式切换为:出库
---------------------------------------------

2021-03-04 10:43:42,433 [1] DEBUG WCS.Trans.MainWindow [(null)] - 
2021-03-04 10:43:42.354
创建站台对象成功！
---------------------------------------------

2021-03-04 10:43:42,470 [1] DEBUG WCS.Trans.MainWindow [(null)] - 
2021-03-04 10:43:42.462
OPC节点数[168]
---------------------------------------------

2021-03-04 10:43:42,871 [1] DEBUG WCS.Trans.MainWindow [(null)] - 
2021-03-04 10:43:42.865
与OPC SERVER建立连接成功！
---------------------------------------------

2021-03-04 10:43:43,945 [1] DEBUG WCS.Trans.MainWindow [(null)] - 
2021-03-04 10:43:43.940
[D1171]设备状态为手动
---------------------------------------------

2021-03-04 10:43:43,954 [1] DEBUG WCS.Trans.MainWindow [(null)] - 
2021-03-04 10:43:43.950
[D1162]设备状态为手动
---------------------------------------------

2021-03-04 10:43:43,962 [1] DEBUG WCS.Trans.MainWindow [(null)] - 
2021-03-04 10:43:43.958
[D1141]设备状态为手动
---------------------------------------------

2021-03-04 10:43:43,980 [1] DEBUG WCS.Trans.MainWindow [(null)] - 
2021-03-04 10:43:43.965
[D1121]设备状态为手动
---------------------------------------------

2021-03-04 10:43:43,993 [1] DEBUG WCS.Trans.MainWindow [(null)] - 
2021-03-04 10:43:43.988
[D1101]设备状态为手动
---------------------------------------------

2021-03-04 10:43:44,003 [1] DEBUG WCS.Trans.MainWindow [(null)] - 
2021-03-04 10:43:43.998
[D1151]设备状态为手动
---------------------------------------------

2021-03-04 10:43:44,011 [1] DEBUG WCS.Trans.MainWindow [(null)] - 
2021-03-04 10:43:44.007
[D1131]设备状态为手动
---------------------------------------------

2021-03-04 10:43:44,022 [1] DEBUG WCS.Trans.MainWindow [(null)] - 
2021-03-04 10:43:44.017
[D1111]设备状态为手动
---------------------------------------------

2021-05-12 10:48:31,852 [1] DEBUG WCS.Trans.MainWindow [(null)] - 
2021-05-12 10:48:31.695
创建站台对象成功！
---------------------------------------------

2021-05-12 10:48:31,901 [1] DEBUG WCS.Trans.MainWindow [(null)] - 
2021-05-12 10:48:31.897
OPC节点数[168]
---------------------------------------------

2021-05-12 10:48:32,422 [1] DEBUG WCS.Trans.MainWindow [(null)] - 
2021-05-12 10:48:32.419
与OPC SERVER建立连接失败：D11.Trans.D1171.Read.TaskNo:E_UNKNOWN_ITEM_NAME;D11.Trans.D1171.Read.StatusRequest:E_UNKNOWN_ITEM_NAME;D11.Trans.D1171.Read.StatusFree:E_UNKNOWN_ITEM_NAME;D11.Trans.D1171.Read.StatusNeedToPut:E_UNKNOWN_ITEM_NAME;D11.Trans.D1171.Write.TaskNo:E_UNKNOWN_ITEM_NAME;D11.Trans.D1171.Write.PalletNo:E_UNKNOWN_ITEM_NAME;D11.Trans.D1171.Write.SlocArea:E_UNKNOWN_ITEM_NAME;D11.Trans.D1171.Write.SlocCode:E_UNKNOWN_ITEM_NAME;D11.Trans.D1171.Write.ElocArea:E_UNKNOWN_ITEM_NAME;D11.Trans.D1171.Write.ElocCode:E_UNKNOWN_ITEM_NAME;D11.Trans.D1171.Read.PalletNo:E_UNKNOWN_ITEM_NAME;D11.Trans.D1171.Write.HandleRequest:E_UNKNOWN_ITEM_NAME;D11.Trans.D1171.Write.HandleNeedToPut:E_UNKNOWN_ITEM_NAME;D11.Trans.D1171.Write.FaultNo:E_UNKNOWN_ITEM_NAME;D11.Trans.D1171.Read.SlocArea:E_UNKNOWN_ITEM_NAME;D11.Trans.D1171.Read.SlocCode:E_UNKNOWN_ITEM_NAME;D11.Trans.D1171.Read.ElocArea:E_UNKNOWN_ITEM_NAME;D11.Trans.D1171.Read.ElocCode:E_UNKNOWN_ITEM_NAME;D11.Trans.D1171.Read.StatusAuto:E_UNKNOWN_ITEM_NAME;D11.Trans.D1171.Read.StatusFault:E_UNKNOWN_ITEM_NAME;D11.Trans.D1171.Read.StatusLoad:E_UNKNOWN_ITEM_NAME;D11.Trans.D1162.Read.TaskNo:E_UNKNOWN_ITEM_NAME;D11.Trans.D1162.Read.StatusRequest:E_UNKNOWN_ITEM_NAME;D11.Trans.D1162.Read.StatusFree:E_UNKNOWN_ITEM_NAME;D11.Trans.D1162.Read.StatusNeedToPut:E_UNKNOWN_ITEM_NAME;D11.Trans.D1162.Write.TaskNo:E_UNKNOWN_ITEM_NAME;D11.Trans.D1162.Write.PalletNo:E_UNKNOWN_ITEM_NAME;D11.Trans.D1162.Write.SlocArea:E_UNKNOWN_ITEM_NAME;D11.Trans.D1162.Write.SlocCode:E_UNKNOWN_ITEM_NAME;D11.Trans.D1162.Write.ElocArea:E_UNKNOWN_ITEM_NAME;D11.Trans.D1162.Write.ElocCode:E_UNKNOWN_ITEM_NAME;D11.Trans.D1162.Read.PalletNo:E_UNKNOWN_ITEM_NAME;D11.Trans.D1162.Write.HandleRequest:E_UNKNOWN_ITEM_NAME;D11.Trans.D1162.Write.HandleNeedToPut:E_UNKNOWN_ITEM_NAME;D11.Trans.D1162.Write.FaultNo:E_UNKNOWN_ITEM_NAME;D11.Trans.D1162.Read.SlocArea:E_UNKNOWN_ITEM_NAME;D11.Trans.D1162.Read.SlocCode:E_UNKNOWN_ITEM_NAME;D11.Trans.D1162.Read.ElocArea:E_UNKNOWN_ITEM_NAME;D11.Trans.D1162.Read.ElocCode:E_UNKNOWN_ITEM_NAME;D11.Trans.D1162.Read.StatusAuto:E_UNKNOWN_ITEM_NAME;D11.Trans.D1162.Read.StatusFault:E_UNKNOWN_ITEM_NAME;D11.Trans.D1162.Read.StatusLoad:E_UNKNOWN_ITEM_NAME;D11.Trans.D1141.Read.TaskNo:E_UNKNOWN_ITEM_NAME;D11.Trans.D1141.Read.StatusRequest:E_UNKNOWN_ITEM_NAME;D11.Trans.D1141.Read.StatusFree:E_UNKNOWN_ITEM_NAME;D11.Trans.D1141.Read.StatusNeedToPut:E_UNKNOWN_ITEM_NAME;D11.Trans.D1141.Write.TaskNo:E_UNKNOWN_ITEM_NAME;D11.Trans.D1141.Write.PalletNo:E_UNKNOWN_ITEM_NAME;D11.Trans.D1141.Write.SlocArea:E_UNKNOWN_ITEM_NAME;D11.Trans.D1141.Write.SlocCode:E_UNKNOWN_ITEM_NAME;D11.Trans.D1141.Write.ElocArea:E_UNKNOWN_ITEM_NAME;D11.Trans.D1141.Write.ElocCode:E_UNKNOWN_ITEM_NAME;D11.Trans.D1141.Read.PalletNo:E_UNKNOWN_ITEM_NAME;D11.Trans.D1141.Write.HandleRequest:E_UNKNOWN_ITEM_NAME;D11.Trans.D1141.Write.HandleNeedToPut:E_UNKNOWN_ITEM_NAME;D11.Trans.D1141.Write.FaultNo:E_UNKNOWN_ITEM_NAME;D11.Trans.D1141.Read.SlocArea:E_UNKNOWN_ITEM_NAME;D11.Trans.D1141.Read.SlocCode:E_UNKNOWN_ITEM_NAME;D11.Trans.D1141.Read.ElocArea:E_UNKNOWN_ITEM_NAME;D11.Trans.D1141.Read.ElocCode:E_UNKNOWN_ITEM_NAME;D11.Trans.D1141.Read.StatusAuto:E_UNKNOWN_ITEM_NAME;D11.Trans.D1141.Read.StatusFault:E_UNKNOWN_ITEM_NAME;D11.Trans.D1141.Read.StatusLoad:E_UNKNOWN_ITEM_NAME;D11.Trans.D1121.Read.TaskNo:E_UNKNOWN_ITEM_NAME;D11.Trans.D1121.Read.StatusRequest:E_UNKNOWN_ITEM_NAME;D11.Trans.D1121.Read.StatusFree:E_UNKNOWN_ITEM_NAME;D11.Trans.D1121.Read.StatusNeedToPut:E_UNKNOWN_ITEM_NAME;D11.Trans.D1121.Write.TaskNo:E_UNKNOWN_ITEM_NAME;D11.Trans.D1121.Write.PalletNo:E_UNKNOWN_ITEM_NAME;D11.Trans.D1121.Write.SlocArea:E_UNKNOWN_ITEM_NAME;D11.Trans.D1121.Write.SlocCode:E_UNKNOWN_ITEM_NAME;D11.Trans.D1121.Write.ElocArea:E_UNKNOWN_ITEM_NAME;D11.Trans.D1121.Write.ElocCode:E_UNKNOWN_ITEM_NAME;D11.Trans.D1121.Read.PalletNo:E_UNKNOWN_ITEM_NAME;D11.Trans.D1121.Write.HandleRequest:E_UNKNOWN_ITEM_NAME;D11.Trans.D1121.Write.HandleNeedToPut:E_UNKNOWN_ITEM_NAME;D11.Trans.D1121.Write.FaultNo:E_UNKNOWN_ITEM_NAME;D11.Trans.D1121.Read.SlocArea:E_UNKNOWN_ITEM_NAME;D11.Trans.D1121.Read.SlocCode:E_UNKNOWN_ITEM_NAME;D11.Trans.D1121.Read.ElocArea:E_UNKNOWN_ITEM_NAME;D11.Trans.D1121.Read.ElocCode:E_UNKNOWN_ITEM_NAME;D11.Trans.D1121.Read.StatusAuto:E_UNKNOWN_ITEM_NAME;D11.Trans.D1121.Read.StatusFault:E_UNKNOWN_ITEM_NAME;D11.Trans.D1121.Read.StatusLoad:E_UNKNOWN_ITEM_NAME;D11.Trans.D1101.Read.TaskNo:E_UNKNOWN_ITEM_NAME;D11.Trans.D1101.Read.StatusRequest:E_UNKNOWN_ITEM_NAME;D11.Trans.D1101.Read.StatusFree:E_UNKNOWN_ITEM_NAME;D11.Trans.D1101.Read.StatusNeedToPut:E_UNKNOWN_ITEM_NAME;D11.Trans.D1101.Write.TaskNo:E_UNKNOWN_ITEM_NAME;D11.Trans.D1101.Write.PalletNo:E_UNKNOWN_ITEM_NAME;D11.Trans.D1101.Write.SlocArea:E_UNKNOWN_ITEM_NAME;D11.Trans.D1101.Write.SlocCode:E_UNKNOWN_ITEM_NAME;D11.Trans.D1101.Write.ElocArea:E_UNKNOWN_ITEM_NAME;D11.Trans.D1101.Write.ElocCode:E_UNKNOWN_ITEM_NAME;D11.Trans.D1101.Read.PalletNo:E_UNKNOWN_ITEM_NAME;D11.Trans.D1101.Write.HandleRequest:E_UNKNOWN_ITEM_NAME;D11.Trans.D1101.Write.HandleNeedToPut:E_UNKNOWN_ITEM_NAME;D11.Trans.D1101.Write.FaultNo:E_UNKNOWN_ITEM_NAME;D11.Trans.D1101.Read.SlocArea:E_UNKNOWN_ITEM_NAME;D11.Trans.D1101.Read.SlocCode:E_UNKNOWN_ITEM_NAME;D11.Trans.D1101.Read.ElocArea:E_UNKNOWN_ITEM_NAME;D11.Trans.D1101.Read.ElocCode:E_UNKNOWN_ITEM_NAME;D11.Trans.D1101.Read.StatusAuto:E_UNKNOWN_ITEM_NAME;D11.Trans.D1101.Read.StatusFault:E_UNKNOWN_ITEM_NAME;D11.Trans.D1101.Read.StatusLoad:E_UNKNOWN_ITEM_NAME;D11.Trans.D1151.Read.TaskNo:E_UNKNOWN_ITEM_NAME;D11.Trans.D1151.Read.StatusRequest:E_UNKNOWN_ITEM_NAME;D11.Trans.D1151.Read.StatusFree:E_UNKNOWN_ITEM_NAME;D11.Trans.D1151.Read.StatusNeedToPut:E_UNKNOWN_ITEM_NAME;D11.Trans.D1151.Write.TaskNo:E_UNKNOWN_ITEM_NAME;D11.Trans.D1151.Write.PalletNo:E_UNKNOWN_ITEM_NAME;D11.Trans.D1151.Write.SlocArea:E_UNKNOWN_ITEM_NAME;D11.Trans.D1151.Write.SlocCode:E_UNKNOWN_ITEM_NAME;D11.Trans.D1151.Write.ElocArea:E_UNKNOWN_ITEM_NAME;D11.Trans.D1151.Write.ElocCode:E_UNKNOWN_ITEM_NAME;D11.Trans.D1151.Read.PalletNo:E_UNKNOWN_ITEM_NAME;D11.Trans.D1151.Write.HandleRequest:E_UNKNOWN_ITEM_NAME;D11.Trans.D1151.Write.HandleNeedToPut:E_UNKNOWN_ITEM_NAME;D11.Trans.D1151.Write.FaultNo:E_UNKNOWN_ITEM_NAME;D11.Trans.D1151.Read.SlocArea:E_UNKNOWN_ITEM_NAME;D11.Trans.D1151.Read.SlocCode:E_UNKNOWN_ITEM_NAME;D11.Trans.D1151.Read.ElocArea:E_UNKNOWN_ITEM_NAME;D11.Trans.D1151.Read.ElocCode:E_UNKNOWN_ITEM_NAME;D11.Trans.D1151.Read.StatusAuto:E_UNKNOWN_ITEM_NAME;D11.Trans.D1151.Read.StatusFault:E_UNKNOWN_ITEM_NAME;D11.Trans.D1151.Read.StatusLoad:E_UNKNOWN_ITEM_NAME;D11.Trans.D1131.Read.TaskNo:E_UNKNOWN_ITEM_NAME;D11.Trans.D1131.Read.StatusRequest:E_UNKNOWN_ITEM_NAME;D11.Trans.D1131.Read.StatusFree:E_UNKNOWN_ITEM_NAME;D11.Trans.D1131.Read.StatusNeedToPut:E_UNKNOWN_ITEM_NAME;D11.Trans.D1131.Write.TaskNo:E_UNKNOWN_ITEM_NAME;D11.Trans.D1131.Write.PalletNo:E_UNKNOWN_ITEM_NAME;D11.Trans.D1131.Write.SlocArea:E_UNKNOWN_ITEM_NAME;D11.Trans.D1131.Write.SlocCode:E_UNKNOWN_ITEM_NAME;D11.Trans.D1131.Write.ElocArea:E_UNKNOWN_ITEM_NAME;D11.Trans.D1131.Write.ElocCode:E_UNKNOWN_ITEM_NAME;D11.Trans.D1131.Read.PalletNo:E_UNKNOWN_ITEM_NAME;D11.Trans.D1131.Write.HandleRequest:E_UNKNOWN_ITEM_NAME;D11.Trans.D1131.Write.HandleNeedToPut:E_UNKNOWN_ITEM_NAME;D11.Trans.D1131.Write.FaultNo:E_UNKNOWN_ITEM_NAME;D11.Trans.D1131.Read.SlocArea:E_UNKNOWN_ITEM_NAME;D11.Trans.D1131.Read.SlocCode:E_UNKNOWN_ITEM_NAME;D11.Trans.D1131.Read.ElocArea:E_UNKNOWN_ITEM_NAME;D11.Trans.D1131.Read.ElocCode:E_UNKNOWN_ITEM_NAME;D11.Trans.D1131.Read.StatusAuto:E_UNKNOWN_ITEM_NAME;D11.Trans.D1131.Read.StatusFault:E_UNKNOWN_ITEM_NAME;D11.Trans.D1131.Read.StatusLoad:E_UNKNOWN_ITEM_NAME;D11.Trans.D1111.Read.TaskNo:E_UNKNOWN_ITEM_NAME;D11.Trans.D1111.Read.StatusRequest:E_UNKNOWN_ITEM_NAME;D11.Trans.D1111.Read.StatusFree:E_UNKNOWN_ITEM_NAME;D11.Trans.D1111.Read.StatusNeedToPut:E_UNKNOWN_ITEM_NAME;D11.Trans.D1111.Write.TaskNo:E_UNKNOWN_ITEM_NAME;D11.Trans.D1111.Write.PalletNo:E_UNKNOWN_ITEM_NAME;D11.Trans.D1111.Write.SlocArea:E_UNKNOWN_ITEM_NAME;D11.Trans.D1111.Write.SlocCode:E_UNKNOWN_ITEM_NAME;D11.Trans.D1111.Write.ElocArea:E_UNKNOWN_ITEM_NAME;D11.Trans.D1111.Write.ElocCode:E_UNKNOWN_ITEM_NAME;D11.Trans.D1111.Read.PalletNo:E_UNKNOWN_ITEM_NAME;D11.Trans.D1111.Write.HandleRequest:E_UNKNOWN_ITEM_NAME;D11.Trans.D1111.Write.HandleNeedToPut:E_UNKNOWN_ITEM_NAME;D11.Trans.D1111.Write.FaultNo:E_UNKNOWN_ITEM_NAME;D11.Trans.D1111.Read.SlocArea:E_UNKNOWN_ITEM_NAME;D11.Trans.D1111.Read.SlocCode:E_UNKNOWN_ITEM_NAME;D11.Trans.D1111.Read.ElocArea:E_UNKNOWN_ITEM_NAME;D11.Trans.D1111.Read.ElocCode:E_UNKNOWN_ITEM_NAME;D11.Trans.D1111.Read.StatusAuto:E_UNKNOWN_ITEM_NAME;D11.Trans.D1111.Read.StatusFault:E_UNKNOWN_ITEM_NAME;D11.Trans.D1111.Read.StatusLoad:E_UNKNOWN_ITEM_NAME;
---------------------------------------------

